This is pdfTeX, Version 3.14159265-2.6-1.40.21 (TeX Live 2020/Debian) (preloaded format=pdflatex 2021.8.8)  13 AUG 2021 22:39
entering extended mode
 restricted \write18 enabled.
 %&-line parsing enabled.
**chap-10.tex
(./chap-10.tex
LaTeX2e <2020-10-01> patch level 4
L3 programming layer <2021-01-09> xparse <2020-03-03>

! LaTeX Error: Missing \begin{document}.

See the LaTeX manual or LaTeX Companion for explanation.
Type  H <return>  for immediate help.
 ...                                              
                                                  
l.2 \title[]
            {뇌우와 토네이도\\\small{제10장}}
You're in trouble here.  Try typing  <return>  to proceed.
If that doesn't work, type  X <return>  to quit.

Missing character: There is no ] in font nullfont!

! Package inputenc Error: Unicode character 뇌 (U+B1CC)
(inputenc)                not set up for use with LaTeX.

See the inputenc package documentation for explanation.
Type  H <return>  for immediate help.
 ...                                              
                                                  
l.2 \title[]{뇌
                우와 토네이도\\\small{제10장}}
You may provide a definition with
\DeclareUnicodeCharacter 


! Package inputenc Error: Unicode character 우 (U+C6B0)
(inputenc)                not set up for use with LaTeX.

See the inputenc package documentation for explanation.
Type  H <return>  for immediate help.
 ...                                              
                                                  
l.2 \title[]{뇌우
                   와 토네이도\\\small{제10장}}
You may provide a definition with
\DeclareUnicodeCharacter 


! Package inputenc Error: Unicode character 와 (U+C640)
(inputenc)                not set up for use with LaTeX.

See the inputenc package documentation for explanation.
Type  H <return>  for immediate help.
 ...                                              
                                                  
l.2 \title[]{뇌우와
                       토네이도\\\small{제10장}}
You may provide a definition with
\DeclareUnicodeCharacter 


! Package inputenc Error: Unicode character 토 (U+D1A0)
(inputenc)                not set up for use with LaTeX.

See the inputenc package documentation for explanation.
Type  H <return>  for immediate help.
 ...                                              
                                                  
l.2 \title[]{뇌우와 토
                          네이도\\\small{제10장}}
You may provide a definition with
\DeclareUnicodeCharacter 


! Package inputenc Error: Unicode character 네 (U+B124)
(inputenc)                not set up for use with LaTeX.

See the inputenc package documentation for explanation.
Type  H <return>  for immediate help.
 ...                                              
                                                  
l.2 \title[]{뇌우와 토네
                             이도\\\small{제10장}}
You may provide a definition with
\DeclareUnicodeCharacter 


! Package inputenc Error: Unicode character 이 (U+C774)
(inputenc)                not set up for use with LaTeX.

See the inputenc package documentation for explanation.
Type  H <return>  for immediate help.
 ...                                              
                                                  
l.2 \title[]{뇌우와 토네이
                                도\\\small{제10장}}
You may provide a definition with
\DeclareUnicodeCharacter 


! Package inputenc Error: Unicode character 도 (U+B3C4)
(inputenc)                not set up for use with LaTeX.

See the inputenc package documentation for explanation.
Type  H <return>  for immediate help.
 ...                                              
                                                  
l.2 \title[]{뇌우와 토네이도
                                   \\\small{제10장}}
You may provide a definition with
\DeclareUnicodeCharacter 

! Undefined control sequence.
<recently read> \small 
                       
l.2 \title[]{뇌우와 토네이도\\\small
                                           {제10장}}
The control sequence at the end of the top line
of your error message was never \def'ed. If you have
misspelled it (e.g., `\hobx'), type `I' and the correct
spelling (e.g., `I\hbox'). Otherwise just continue,
and I'll forget about whatever was undefined.


! Package inputenc Error: Unicode character 제 (U+C81C)
(inputenc)                not set up for use with LaTeX.

See the inputenc package documentation for explanation.
Type  H <return>  for immediate help.
 ...                                              
                                                  
l.2 \title[]{뇌우와 토네이도\\\small{제
                                               10장}}
You may provide a definition with
\DeclareUnicodeCharacter 

Missing character: There is no 1 in font nullfont!
Missing character: There is no 0 in font nullfont!

! Package inputenc Error: Unicode character 장 (U+C7A5)
(inputenc)                not set up for use with LaTeX.

See the inputenc package documentation for explanation.
Type  H <return>  for immediate help.
 ...                                              
                                                  
l.2 ...e[]{뇌우와 토네이도\\\small{제10장
                                                  }}
You may provide a definition with
\DeclareUnicodeCharacter 


Overfull \hbox (20.0pt too wide) in paragraph at lines 2--3
[] 
 []


! LaTeX Error: Missing \begin{document}.

See the LaTeX manual or LaTeX Companion for explanation.
Type  H <return>  for immediate help.
 ...                                              
                                                  
l.4 \begin{frame}[
                  plain] %title page
You're in trouble here.  Try typing  <return>  to proceed.
If that doesn't work, type  X <return>  to quit.

Missing character: There is no [ in font nullfont!
Missing character: There is no p in font nullfont!
Missing character: There is no l in font nullfont!
Missing character: There is no a in font nullfont!
Missing character: There is no i in font nullfont!
Missing character: There is no n in font nullfont!
Missing character: There is no ] in font nullfont!
! Undefined control sequence.
l.5 	\titlepage
               
The control sequence at the end of the top line
of your error message was never \def'ed. If you have
misspelled it (e.g., `\hobx'), type `I' and the correct
spelling (e.g., `I\hbox'). Otherwise just continue,
and I'll forget about whatever was undefined.


Overfull \hbox (20.0pt too wide) in paragraph at lines 4--7
[][]
 []

! Undefined control sequence.
l.9 \section
            {명칭의 의미}
The control sequence at the end of the top line
of your error message was never \def'ed. If you have
misspelled it (e.g., `\hobx'), type `I' and the correct
spelling (e.g., `I\hbox'). Otherwise just continue,
and I'll forget about whatever was undefined.


! Package inputenc Error: Unicode character 명 (U+BA85)
(inputenc)                not set up for use with LaTeX.

See the inputenc package documentation for explanation.
Type  H <return>  for immediate help.
 ...                                              
                                                  
l.9 \section{명
                칭의 의미}
You may provide a definition with
\DeclareUnicodeCharacter 


! Package inputenc Error: Unicode character 칭 (U+CE6D)
(inputenc)                not set up for use with LaTeX.

See the inputenc package documentation for explanation.
Type  H <return>  for immediate help.
 ...                                              
                                                  
l.9 \section{명칭
                   의 의미}
You may provide a definition with
\DeclareUnicodeCharacter 


! Package inputenc Error: Unicode character 의 (U+C758)
(inputenc)                not set up for use with LaTeX.

See the inputenc package documentation for explanation.
Type  H <return>  for immediate help.
 ...                                              
                                                  
l.9 \section{명칭의
                       의미}
You may provide a definition with
\DeclareUnicodeCharacter 


! Package inputenc Error: Unicode character 의 (U+C758)
(inputenc)                not set up for use with LaTeX.

See the inputenc package documentation for explanation.
Type  H <return>  for immediate help.
 ...                                              
                                                  
l.9 \section{명칭의 의
                          미}
You may provide a definition with
\DeclareUnicodeCharacter 


! Package inputenc Error: Unicode character 미 (U+BBF8)
(inputenc)                not set up for use with LaTeX.

See the inputenc package documentation for explanation.
Type  H <return>  for immediate help.
 ...                                              
                                                  
l.9 \section{명칭의 의미
                             }
You may provide a definition with
\DeclareUnicodeCharacter 

! Undefined control sequence.
l.12 \section
             {뇌우}
The control sequence at the end of the top line
of your error message was never \def'ed. If you have
misspelled it (e.g., `\hobx'), type `I' and the correct
spelling (e.g., `I\hbox'). Otherwise just continue,
and I'll forget about whatever was undefined.


! Package inputenc Error: Unicode character 뇌 (U+B1CC)
(inputenc)                not set up for use with LaTeX.

See the inputenc package documentation for explanation.
Type  H <return>  for immediate help.
 ...                                              
                                                  
l.12 \section{뇌
                 우}
You may provide a definition with
\DeclareUnicodeCharacter 


! Package inputenc Error: Unicode character 우 (U+C6B0)
(inputenc)                not set up for use with LaTeX.

See the inputenc package documentation for explanation.
Type  H <return>  for immediate help.
 ...                                              
                                                  
l.12 \section{뇌우
                    }
You may provide a definition with
\DeclareUnicodeCharacter 

! Undefined control sequence.
l.14 \section
             {기단 뇌우}
The control sequence at the end of the top line
of your error message was never \def'ed. If you have
misspelled it (e.g., `\hobx'), type `I' and the correct
spelling (e.g., `I\hbox'). Otherwise just continue,
and I'll forget about whatever was undefined.


! Package inputenc Error: Unicode character 기 (U+AE30)
(inputenc)                not set up for use with LaTeX.

See the inputenc package documentation for explanation.
Type  H <return>  for immediate help.
 ...                                              
                                                  
l.14 \section{기
                 단 뇌우}
You may provide a definition with
\DeclareUnicodeCharacter 


! Package inputenc Error: Unicode character 단 (U+B2E8)
(inputenc)                not set up for use with LaTeX.

See the inputenc package documentation for explanation.
Type  H <return>  for immediate help.
 ...                                              
                                                  
l.14 \section{기단
                     뇌우}
You may provide a definition with
\DeclareUnicodeCharacter 


! Package inputenc Error: Unicode character 뇌 (U+B1CC)
(inputenc)                not set up for use with LaTeX.

See the inputenc package documentation for explanation.
Type  H <return>  for immediate help.
 ...                                              
                                                  
l.14 \section{기단 뇌
                        우}
You may provide a definition with
\DeclareUnicodeCharacter 


! Package inputenc Error: Unicode character 우 (U+C6B0)
(inputenc)                not set up for use with LaTeX.

See the inputenc package documentation for explanation.
Type  H <return>  for immediate help.
 ...                                              
                                                  
l.14 \section{기단 뇌우
                           }
You may provide a definition with
\DeclareUnicodeCharacter 

! Undefined control sequence.
l.16 \section
             {위험 뇌우}
The control sequence at the end of the top line
of your error message was never \def'ed. If you have
misspelled it (e.g., `\hobx'), type `I' and the correct
spelling (e.g., `I\hbox'). Otherwise just continue,
and I'll forget about whatever was undefined.


! Package inputenc Error: Unicode character 위 (U+C704)
(inputenc)                not set up for use with LaTeX.

See the inputenc package documentation for explanation.
Type  H <return>  for immediate help.
 ...                                              
                                                  
l.16 \section{위
                 험 뇌우}
You may provide a definition with
\DeclareUnicodeCharacter 


! Package inputenc Error: Unicode character 험 (U+D5D8)
(inputenc)                not set up for use with LaTeX.

See the inputenc package documentation for explanation.
Type  H <return>  for immediate help.
 ...                                              
                                                  
l.16 \section{위험
                     뇌우}
You may provide a definition with
\DeclareUnicodeCharacter 


! Package inputenc Error: Unicode character 뇌 (U+B1CC)
(inputenc)                not set up for use with LaTeX.

See the inputenc package documentation for explanation.
Type  H <return>  for immediate help.
 ...                                              
                                                  
l.16 \section{위험 뇌
                        우}
You may provide a definition with
\DeclareUnicodeCharacter 


! Package inputenc Error: Unicode character 우 (U+C6B0)
(inputenc)                not set up for use with LaTeX.

See the inputenc package documentation for explanation.
Type  H <return>  for immediate help.
 ...                                              
                                                  
l.16 \section{위험 뇌우
                           }
You may provide a definition with
\DeclareUnicodeCharacter 

! Undefined control sequence.
l.18 \section
             {번개와 천둥}
The control sequence at the end of the top line
of your error message was never \def'ed. If you have
misspelled it (e.g., `\hobx'), type `I' and the correct
spelling (e.g., `I\hbox'). Otherwise just continue,
and I'll forget about whatever was undefined.


! Package inputenc Error: Unicode character 번 (U+BC88)
(inputenc)                not set up for use with LaTeX.

See the inputenc package documentation for explanation.
Type  H <return>  for immediate help.
 ...                                              
                                                  
l.18 \section{번
                 개와 천둥}
You may provide a definition with
\DeclareUnicodeCharacter 


! Package inputenc Error: Unicode character 개 (U+AC1C)
(inputenc)                not set up for use with LaTeX.

See the inputenc package documentation for explanation.
Type  H <return>  for immediate help.
 ...                                              
                                                  
l.18 \section{번개
                    와 천둥}
You may provide a definition with
\DeclareUnicodeCharacter 


! Package inputenc Error: Unicode character 와 (U+C640)
(inputenc)                not set up for use with LaTeX.

See the inputenc package documentation for explanation.
Type  H <return>  for immediate help.
 ...                                              
                                                  
l.18 \section{번개와
                        천둥}
You may provide a definition with
\DeclareUnicodeCharacter 


! Package inputenc Error: Unicode character 천 (U+CC9C)
(inputenc)                not set up for use with LaTeX.

See the inputenc package documentation for explanation.
Type  H <return>  for immediate help.
 ...                                              
                                                  
l.18 \section{번개와 천
                           둥}
You may provide a definition with
\DeclareUnicodeCharacter 


! Package inputenc Error: Unicode character 둥 (U+B465)
(inputenc)                not set up for use with LaTeX.

See the inputenc package documentation for explanation.
Type  H <return>  for immediate help.
 ...                                              
                                                  
l.18 \section{번개와 천둥
                              }
You may provide a definition with
\DeclareUnicodeCharacter 

! Undefined control sequence.
l.20 \section
             {토네이도}
The control sequence at the end of the top line
of your error message was never \def'ed. If you have
misspelled it (e.g., `\hobx'), type `I' and the correct
spelling (e.g., `I\hbox'). Otherwise just continue,
and I'll forget about whatever was undefined.


! Package inputenc Error: Unicode character 토 (U+D1A0)
(inputenc)                not set up for use with LaTeX.

See the inputenc package documentation for explanation.
Type  H <return>  for immediate help.
 ...                                              
                                                  
l.20 \section{토
                 네이도}
You may provide a definition with
\DeclareUnicodeCharacter 


! Package inputenc Error: Unicode character 네 (U+B124)
(inputenc)                not set up for use with LaTeX.

See the inputenc package documentation for explanation.
Type  H <return>  for immediate help.
 ...                                              
                                                  
l.20 \section{토네
                    이도}
You may provide a definition with
\DeclareUnicodeCharacter 


! Package inputenc Error: Unicode character 이 (U+C774)
(inputenc)                not set up for use with LaTeX.

See the inputenc package documentation for explanation.
Type  H <return>  for immediate help.
 ...                                              
                                                  
l.20 \section{토네이
                       도}
You may provide a definition with
\DeclareUnicodeCharacter 


! Package inputenc Error: Unicode character 도 (U+B3C4)
(inputenc)                not set up for use with LaTeX.

See the inputenc package documentation for explanation.
Type  H <return>  for immediate help.
 ...                                              
                                                  
l.20 \section{토네이도
                          }
You may provide a definition with
\DeclareUnicodeCharacter 

! Undefined control sequence.
l.22 \section
             {토네이도의 발달과 발생}
The control sequence at the end of the top line
of your error message was never \def'ed. If you have
misspelled it (e.g., `\hobx'), type `I' and the correct
spelling (e.g., `I\hbox'). Otherwise just continue,
and I'll forget about whatever was undefined.


! Package inputenc Error: Unicode character 토 (U+D1A0)
(inputenc)                not set up for use with LaTeX.

See the inputenc package documentation for explanation.
Type  H <return>  for immediate help.
 ...                                              
                                                  
l.22 \section{토
                 네이도의 발달과 발생}
You may provide a definition with
\DeclareUnicodeCharacter 


! Package inputenc Error: Unicode character 네 (U+B124)
(inputenc)                not set up for use with LaTeX.

See the inputenc package documentation for explanation.
Type  H <return>  for immediate help.
 ...                                              
                                                  
l.22 \section{토네
                    이도의 발달과 발생}
You may provide a definition with
\DeclareUnicodeCharacter 


! Package inputenc Error: Unicode character 이 (U+C774)
(inputenc)                not set up for use with LaTeX.

See the inputenc package documentation for explanation.
Type  H <return>  for immediate help.
 ...                                              
                                                  
l.22 \section{토네이
                       도의 발달과 발생}
You may provide a definition with
\DeclareUnicodeCharacter 


! Package inputenc Error: Unicode character 도 (U+B3C4)
(inputenc)                not set up for use with LaTeX.

See the inputenc package documentation for explanation.
Type  H <return>  for immediate help.
 ...                                              
                                                  
l.22 \section{토네이도
                          의 발달과 발생}
You may provide a definition with
\DeclareUnicodeCharacter 


! Package inputenc Error: Unicode character 의 (U+C758)
(inputenc)                not set up for use with LaTeX.

See the inputenc package documentation for explanation.
Type  H <return>  for immediate help.
 ...                                              
                                                  
l.22 \section{토네이도의
                              발달과 발생}
You may provide a definition with
\DeclareUnicodeCharacter 


! Package inputenc Error: Unicode character 발 (U+BC1C)
(inputenc)                not set up for use with LaTeX.

See the inputenc package documentation for explanation.
Type  H <return>  for immediate help.
 ...                                              
                                                  
l.22 \section{토네이도의 발
                                 달과 발생}
You may provide a definition with
\DeclareUnicodeCharacter 


! Package inputenc Error: Unicode character 달 (U+B2EC)
(inputenc)                not set up for use with LaTeX.

See the inputenc package documentation for explanation.
Type  H <return>  for immediate help.
 ...                                              
                                                  
l.22 \section{토네이도의 발달
                                    과 발생}
You may provide a definition with
\DeclareUnicodeCharacter 


! Package inputenc Error: Unicode character 과 (U+ACFC)
(inputenc)                not set up for use with LaTeX.

See the inputenc package documentation for explanation.
Type  H <return>  for immediate help.
 ...                                              
                                                  
l.22 \section{토네이도의 발달과
                                        발생}
You may provide a definition with
\DeclareUnicodeCharacter 


! Package inputenc Error: Unicode character 발 (U+BC1C)
(inputenc)                not set up for use with LaTeX.

See the inputenc package documentation for explanation.
Type  H <return>  for immediate help.
 ...                                              
                                                  
l.22 \section{토네이도의 발달과 발
                                           생}
You may provide a definition with
\DeclareUnicodeCharacter 


! Package inputenc Error: Unicode character 생 (U+C0DD)
(inputenc)                not set up for use with LaTeX.

See the inputenc package documentation for explanation.
Type  H <return>  for immediate help.
 ...                                              
                                                  
l.22 \section{토네이도의 발달과 발생
                                              }
You may provide a definition with
\DeclareUnicodeCharacter 

! Undefined control sequence.
l.24 \section
             {토네이도의 파괴와 토네이도 예보}
The control sequence at the end of the top line
of your error message was never \def'ed. If you have
misspelled it (e.g., `\hobx'), type `I' and the correct
spelling (e.g., `I\hbox'). Otherwise just continue,
and I'll forget about whatever was undefined.


! Package inputenc Error: Unicode character 토 (U+D1A0)
(inputenc)                not set up for use with LaTeX.

See the inputenc package documentation for explanation.
Type  H <return>  for immediate help.
 ...                                              
                                                  
l.24 \section{토
                 네이도의 파괴와 토네이도 예보}
You may provide a definition with
\DeclareUnicodeCharacter 


! Package inputenc Error: Unicode character 네 (U+B124)
(inputenc)                not set up for use with LaTeX.

See the inputenc package documentation for explanation.
Type  H <return>  for immediate help.
 ...                                              
                                                  
l.24 \section{토네
                    이도의 파괴와 토네이도 예보}
You may provide a definition with
\DeclareUnicodeCharacter 


! Package inputenc Error: Unicode character 이 (U+C774)
(inputenc)                not set up for use with LaTeX.

See the inputenc package documentation for explanation.
Type  H <return>  for immediate help.
 ...                                              
                                                  
l.24 \section{토네이
                       도의 파괴와 토네이도 예보}
You may provide a definition with
\DeclareUnicodeCharacter 


! Package inputenc Error: Unicode character 도 (U+B3C4)
(inputenc)                not set up for use with LaTeX.

See the inputenc package documentation for explanation.
Type  H <return>  for immediate help.
 ...                                              
                                                  
l.24 \section{토네이도
                          의 파괴와 토네이도 예보}
You may provide a definition with
\DeclareUnicodeCharacter 


! Package inputenc Error: Unicode character 의 (U+C758)
(inputenc)                not set up for use with LaTeX.

See the inputenc package documentation for explanation.
Type  H <return>  for immediate help.
 ...                                              
                                                  
l.24 \section{토네이도의
                              파괴와 토네이도 예보}
You may provide a definition with
\DeclareUnicodeCharacter 


! Package inputenc Error: Unicode character 파 (U+D30C)
(inputenc)                not set up for use with LaTeX.

See the inputenc package documentation for explanation.
Type  H <return>  for immediate help.
 ...                                              
                                                  
l.24 \section{토네이도의 파
                                 괴와 토네이도 예보}
You may provide a definition with
\DeclareUnicodeCharacter 


! Package inputenc Error: Unicode character 괴 (U+AD34)
(inputenc)                not set up for use with LaTeX.

See the inputenc package documentation for explanation.
Type  H <return>  for immediate help.
 ...                                              
                                                  
l.24 \section{토네이도의 파괴
                                    와 토네이도 예보}
You may provide a definition with
\DeclareUnicodeCharacter 


! Package inputenc Error: Unicode character 와 (U+C640)
(inputenc)                not set up for use with LaTeX.

See the inputenc package documentation for explanation.
Type  H <return>  for immediate help.
 ...                                              
                                                  
l.24 \section{토네이도의 파괴와
                                        토네이도 예보}
You may provide a definition with
\DeclareUnicodeCharacter 


! Package inputenc Error: Unicode character 토 (U+D1A0)
(inputenc)                not set up for use with LaTeX.

See the inputenc package documentation for explanation.
Type  H <return>  for immediate help.
 ...                                              
                                                  
l.24 \section{토네이도의 파괴와 토
                                           네이도 예보}
You may provide a definition with
\DeclareUnicodeCharacter 


! Package inputenc Error: Unicode character 네 (U+B124)
(inputenc)                not set up for use with LaTeX.

See the inputenc package documentation for explanation.
Type  H <return>  for immediate help.
 ...                                              
                                                  
l.24 \section{토네이도의 파괴와 토네
                                              이도 예보}
You may provide a definition with
\DeclareUnicodeCharacter 


! Package inputenc Error: Unicode character 이 (U+C774)
(inputenc)                not set up for use with LaTeX.

See the inputenc package documentation for explanation.
Type  H <return>  for immediate help.
 ...                                              
                                                  
l.24 \section{토네이도의 파괴와 토네이
                                                 도 예보}
You may provide a definition with
\DeclareUnicodeCharacter 


! Package inputenc Error: Unicode character 도 (U+B3C4)
(inputenc)                not set up for use with LaTeX.

See the inputenc package documentation for explanation.
Type  H <return>  for immediate help.
 ...                                              
                                                  
l.24 ...ion{토네이도의 파괴와 토네이도
                                                   예보}
You may provide a definition with
\DeclareUnicodeCharacter 


! Package inputenc Error: Unicode character 예 (U+C608)
(inputenc)                not set up for use with LaTeX.

See the inputenc package documentation for explanation.
Type  H <return>  for immediate help.
 ...                                              
                                                  
l.24 ...토네이도의 파괴와 토네이도 예
                                                  보}
You may provide a definition with
\DeclareUnicodeCharacter 


! Package inputenc Error: Unicode character 보 (U+BCF4)
(inputenc)                not set up for use with LaTeX.

See the inputenc package documentation for explanation.
Type  H <return>  for immediate help.
 ...                                              
                                                  
l.24 ...네이도의 파괴와 토네이도 예보
                                                  }
You may provide a definition with
\DeclareUnicodeCharacter 

)
! Emergency stop.
<*> chap-10.tex
               
*** (job aborted, no legal \end found)

 
Here is how much of TeX's memory you used:
 46 strings out of 479304
 571 string characters out of 5869780
 271120 words of memory out of 5000000
 17338 multiletter control sequences out of 15000+600000
 403430 words of font info for 27 fonts, out of 8000000 for 9000
 1141 hyphenation exceptions out of 8191
 13i,3n,15p,78b,39s stack positions out of 5000i,500n,10000p,200000b,80000s
!  ==> Fatal error occurred, no output PDF file produced!
