This is pdfTeX, Version 3.14159265-2.6-1.40.21 (TeX Live 2020/Debian) (preloaded format=pdflatex 2021.8.8)  13 AUG 2021 22:50
entering extended mode
 restricted \write18 enabled.
 %&-line parsing enabled.
**chap-16.tex
(./chap-16.tex
LaTeX2e <2020-10-01> patch level 4
L3 programming layer <2021-01-09> xparse <2020-03-03>

! LaTeX Error: Missing \begin{document}.

See the LaTeX manual or LaTeX Companion for explanation.
Type  H <return>  for immediate help.
 ...                                              
                                                  
l.2 \title[]
            {대기광학\\\small{제16장}}
You're in trouble here.  Try typing  <return>  to proceed.
If that doesn't work, type  X <return>  to quit.

Missing character: There is no ] in font nullfont!

! Package inputenc Error: Unicode character 대 (U+B300)
(inputenc)                not set up for use with LaTeX.

See the inputenc package documentation for explanation.
Type  H <return>  for immediate help.
 ...                                              
                                                  
l.2 \title[]{대
                기광학\\\small{제16장}}
You may provide a definition with
\DeclareUnicodeCharacter 


! Package inputenc Error: Unicode character 기 (U+AE30)
(inputenc)                not set up for use with LaTeX.

See the inputenc package documentation for explanation.
Type  H <return>  for immediate help.
 ...                                              
                                                  
l.2 \title[]{대기
                   광학\\\small{제16장}}
You may provide a definition with
\DeclareUnicodeCharacter 


! Package inputenc Error: Unicode character 광 (U+AD11)
(inputenc)                not set up for use with LaTeX.

See the inputenc package documentation for explanation.
Type  H <return>  for immediate help.
 ...                                              
                                                  
l.2 \title[]{대기광
                      학\\\small{제16장}}
You may provide a definition with
\DeclareUnicodeCharacter 


! Package inputenc Error: Unicode character 학 (U+D559)
(inputenc)                not set up for use with LaTeX.

See the inputenc package documentation for explanation.
Type  H <return>  for immediate help.
 ...                                              
                                                  
l.2 \title[]{대기광학
                         \\\small{제16장}}
You may provide a definition with
\DeclareUnicodeCharacter 

! Undefined control sequence.
<recently read> \small 
                       
l.2 \title[]{대기광학\\\small
                                 {제16장}}
The control sequence at the end of the top line
of your error message was never \def'ed. If you have
misspelled it (e.g., `\hobx'), type `I' and the correct
spelling (e.g., `I\hbox'). Otherwise just continue,
and I'll forget about whatever was undefined.


! Package inputenc Error: Unicode character 제 (U+C81C)
(inputenc)                not set up for use with LaTeX.

See the inputenc package documentation for explanation.
Type  H <return>  for immediate help.
 ...                                              
                                                  
l.2 \title[]{대기광학\\\small{제
                                     16장}}
You may provide a definition with
\DeclareUnicodeCharacter 

Missing character: There is no 1 in font nullfont!
Missing character: There is no 6 in font nullfont!

! Package inputenc Error: Unicode character 장 (U+C7A5)
(inputenc)                not set up for use with LaTeX.

See the inputenc package documentation for explanation.
Type  H <return>  for immediate help.
 ...                                              
                                                  
l.2 \title[]{대기광학\\\small{제16장
                                          }}
You may provide a definition with
\DeclareUnicodeCharacter 


Overfull \hbox (20.0pt too wide) in paragraph at lines 2--3
[] 
 []


! LaTeX Error: Missing \begin{document}.

See the LaTeX manual or LaTeX Companion for explanation.
Type  H <return>  for immediate help.
 ...                                              
                                                  
l.4 \begin{frame}[
                  plain] %title page
You're in trouble here.  Try typing  <return>  to proceed.
If that doesn't work, type  X <return>  to quit.

Missing character: There is no [ in font nullfont!
Missing character: There is no p in font nullfont!
Missing character: There is no l in font nullfont!
Missing character: There is no a in font nullfont!
Missing character: There is no i in font nullfont!
Missing character: There is no n in font nullfont!
Missing character: There is no ] in font nullfont!
! Undefined control sequence.
l.5 	\titlepage
               
The control sequence at the end of the top line
of your error message was never \def'ed. If you have
misspelled it (e.g., `\hobx'), type `I' and the correct
spelling (e.g., `I\hbox'). Otherwise just continue,
and I'll forget about whatever was undefined.


Overfull \hbox (20.0pt too wide) in paragraph at lines 4--7
[][]
 []

! Undefined control sequence.
l.9 \section
            {빛과 매질의 상호작용}
The control sequence at the end of the top line
of your error message was never \def'ed. If you have
misspelled it (e.g., `\hobx'), type `I' and the correct
spelling (e.g., `I\hbox'). Otherwise just continue,
and I'll forget about whatever was undefined.


! Package inputenc Error: Unicode character 빛 (U+BE5B)
(inputenc)                not set up for use with LaTeX.

See the inputenc package documentation for explanation.
Type  H <return>  for immediate help.
 ...                                              
                                                  
l.9 \section{빛
                과 매질의 상호작용}
You may provide a definition with
\DeclareUnicodeCharacter 


! Package inputenc Error: Unicode character 과 (U+ACFC)
(inputenc)                not set up for use with LaTeX.

See the inputenc package documentation for explanation.
Type  H <return>  for immediate help.
 ...                                              
                                                  
l.9 \section{빛과
                    매질의 상호작용}
You may provide a definition with
\DeclareUnicodeCharacter 


! Package inputenc Error: Unicode character 매 (U+B9E4)
(inputenc)                not set up for use with LaTeX.

See the inputenc package documentation for explanation.
Type  H <return>  for immediate help.
 ...                                              
                                                  
l.9 \section{빛과 매
                       질의 상호작용}
You may provide a definition with
\DeclareUnicodeCharacter 


! Package inputenc Error: Unicode character 질 (U+C9C8)
(inputenc)                not set up for use with LaTeX.

See the inputenc package documentation for explanation.
Type  H <return>  for immediate help.
 ...                                              
                                                  
l.9 \section{빛과 매질
                          의 상호작용}
You may provide a definition with
\DeclareUnicodeCharacter 


! Package inputenc Error: Unicode character 의 (U+C758)
(inputenc)                not set up for use with LaTeX.

See the inputenc package documentation for explanation.
Type  H <return>  for immediate help.
 ...                                              
                                                  
l.9 \section{빛과 매질의
                              상호작용}
You may provide a definition with
\DeclareUnicodeCharacter 


! Package inputenc Error: Unicode character 상 (U+C0C1)
(inputenc)                not set up for use with LaTeX.

See the inputenc package documentation for explanation.
Type  H <return>  for immediate help.
 ...                                              
                                                  
l.9 \section{빛과 매질의 상
                                 호작용}
You may provide a definition with
\DeclareUnicodeCharacter 


! Package inputenc Error: Unicode character 호 (U+D638)
(inputenc)                not set up for use with LaTeX.

See the inputenc package documentation for explanation.
Type  H <return>  for immediate help.
 ...                                              
                                                  
l.9 \section{빛과 매질의 상호
                                    작용}
You may provide a definition with
\DeclareUnicodeCharacter 


! Package inputenc Error: Unicode character 작 (U+C791)
(inputenc)                not set up for use with LaTeX.

See the inputenc package documentation for explanation.
Type  H <return>  for immediate help.
 ...                                              
                                                  
l.9 \section{빛과 매질의 상호작
                                       용}
You may provide a definition with
\DeclareUnicodeCharacter 


! Package inputenc Error: Unicode character 용 (U+C6A9)
(inputenc)                not set up for use with LaTeX.

See the inputenc package documentation for explanation.
Type  H <return>  for immediate help.
 ...                                              
                                                  
l.9 \section{빛과 매질의 상호작용
                                          }
You may provide a definition with
\DeclareUnicodeCharacter 

! Undefined control sequence.
l.12 \section
             {신기루}
The control sequence at the end of the top line
of your error message was never \def'ed. If you have
misspelled it (e.g., `\hobx'), type `I' and the correct
spelling (e.g., `I\hbox'). Otherwise just continue,
and I'll forget about whatever was undefined.


! Package inputenc Error: Unicode character 신 (U+C2E0)
(inputenc)                not set up for use with LaTeX.

See the inputenc package documentation for explanation.
Type  H <return>  for immediate help.
 ...                                              
                                                  
l.12 \section{신
                 기루}
You may provide a definition with
\DeclareUnicodeCharacter 


! Package inputenc Error: Unicode character 기 (U+AE30)
(inputenc)                not set up for use with LaTeX.

See the inputenc package documentation for explanation.
Type  H <return>  for immediate help.
 ...                                              
                                                  
l.12 \section{신기
                    루}
You may provide a definition with
\DeclareUnicodeCharacter 


! Package inputenc Error: Unicode character 루 (U+B8E8)
(inputenc)                not set up for use with LaTeX.

See the inputenc package documentation for explanation.
Type  H <return>  for immediate help.
 ...                                              
                                                  
l.12 \section{신기루
                       }
You may provide a definition with
\DeclareUnicodeCharacter 

! Undefined control sequence.
l.14 \section
             {무지개}
The control sequence at the end of the top line
of your error message was never \def'ed. If you have
misspelled it (e.g., `\hobx'), type `I' and the correct
spelling (e.g., `I\hbox'). Otherwise just continue,
and I'll forget about whatever was undefined.


! Package inputenc Error: Unicode character 무 (U+BB34)
(inputenc)                not set up for use with LaTeX.

See the inputenc package documentation for explanation.
Type  H <return>  for immediate help.
 ...                                              
                                                  
l.14 \section{무
                 지개}
You may provide a definition with
\DeclareUnicodeCharacter 


! Package inputenc Error: Unicode character 지 (U+C9C0)
(inputenc)                not set up for use with LaTeX.

See the inputenc package documentation for explanation.
Type  H <return>  for immediate help.
 ...                                              
                                                  
l.14 \section{무지
                    개}
You may provide a definition with
\DeclareUnicodeCharacter 


! Package inputenc Error: Unicode character 개 (U+AC1C)
(inputenc)                not set up for use with LaTeX.

See the inputenc package documentation for explanation.
Type  H <return>  for immediate help.
 ...                                              
                                                  
l.14 \section{무지개
                       }
You may provide a definition with
\DeclareUnicodeCharacter 

! Undefined control sequence.
l.16 \section
             {무리, 무리해, 해기둥}
The control sequence at the end of the top line
of your error message was never \def'ed. If you have
misspelled it (e.g., `\hobx'), type `I' and the correct
spelling (e.g., `I\hbox'). Otherwise just continue,
and I'll forget about whatever was undefined.


! Package inputenc Error: Unicode character 무 (U+BB34)
(inputenc)                not set up for use with LaTeX.

See the inputenc package documentation for explanation.
Type  H <return>  for immediate help.
 ...                                              
                                                  
l.16 \section{무
                 리, 무리해, 해기둥}
You may provide a definition with
\DeclareUnicodeCharacter 


! Package inputenc Error: Unicode character 리 (U+B9AC)
(inputenc)                not set up for use with LaTeX.

See the inputenc package documentation for explanation.
Type  H <return>  for immediate help.
 ...                                              
                                                  
l.16 \section{무리
                    , 무리해, 해기둥}
You may provide a definition with
\DeclareUnicodeCharacter 


! LaTeX Error: Missing \begin{document}.

See the LaTeX manual or LaTeX Companion for explanation.
Type  H <return>  for immediate help.
 ...                                              
                                                  
l.16 \section{무리,
                      무리해, 해기둥}
You're in trouble here.  Try typing  <return>  to proceed.
If that doesn't work, type  X <return>  to quit.

Missing character: There is no , in font nullfont!

! Package inputenc Error: Unicode character 무 (U+BB34)
(inputenc)                not set up for use with LaTeX.

See the inputenc package documentation for explanation.
Type  H <return>  for immediate help.
 ...                                              
                                                  
l.16 \section{무리, 무
                         리해, 해기둥}
You may provide a definition with
\DeclareUnicodeCharacter 


! Package inputenc Error: Unicode character 리 (U+B9AC)
(inputenc)                not set up for use with LaTeX.

See the inputenc package documentation for explanation.
Type  H <return>  for immediate help.
 ...                                              
                                                  
l.16 \section{무리, 무리
                            해, 해기둥}
You may provide a definition with
\DeclareUnicodeCharacter 


! Package inputenc Error: Unicode character 해 (U+D574)
(inputenc)                not set up for use with LaTeX.

See the inputenc package documentation for explanation.
Type  H <return>  for immediate help.
 ...                                              
                                                  
l.16 \section{무리, 무리해
                               , 해기둥}
You may provide a definition with
\DeclareUnicodeCharacter 

Missing character: There is no , in font nullfont!

! Package inputenc Error: Unicode character 해 (U+D574)
(inputenc)                not set up for use with LaTeX.

See the inputenc package documentation for explanation.
Type  H <return>  for immediate help.
 ...                                              
                                                  
l.16 \section{무리, 무리해, 해
                                    기둥}
You may provide a definition with
\DeclareUnicodeCharacter 


! Package inputenc Error: Unicode character 기 (U+AE30)
(inputenc)                not set up for use with LaTeX.

See the inputenc package documentation for explanation.
Type  H <return>  for immediate help.
 ...                                              
                                                  
l.16 \section{무리, 무리해, 해기
                                       둥}
You may provide a definition with
\DeclareUnicodeCharacter 


! Package inputenc Error: Unicode character 둥 (U+B465)
(inputenc)                not set up for use with LaTeX.

See the inputenc package documentation for explanation.
Type  H <return>  for immediate help.
 ...                                              
                                                  
l.16 \section{무리, 무리해, 해기둥
                                          }
You may provide a definition with
\DeclareUnicodeCharacter 


Overfull \hbox (20.0pt too wide) in paragraph at lines 16--17
[]
 []

! Undefined control sequence.
l.18 \section
             {강수의 형태}
The control sequence at the end of the top line
of your error message was never \def'ed. If you have
misspelled it (e.g., `\hobx'), type `I' and the correct
spelling (e.g., `I\hbox'). Otherwise just continue,
and I'll forget about whatever was undefined.


! Package inputenc Error: Unicode character 강 (U+AC15)
(inputenc)                not set up for use with LaTeX.

See the inputenc package documentation for explanation.
Type  H <return>  for immediate help.
 ...                                              
                                                  
l.18 \section{강
                 수의 형태}
You may provide a definition with
\DeclareUnicodeCharacter 


! Package inputenc Error: Unicode character 수 (U+C218)
(inputenc)                not set up for use with LaTeX.

See the inputenc package documentation for explanation.
Type  H <return>  for immediate help.
 ...                                              
                                                  
l.18 \section{강수
                    의 형태}
You may provide a definition with
\DeclareUnicodeCharacter 


! Package inputenc Error: Unicode character 의 (U+C758)
(inputenc)                not set up for use with LaTeX.

See the inputenc package documentation for explanation.
Type  H <return>  for immediate help.
 ...                                              
                                                  
l.18 \section{강수의
                        형태}
You may provide a definition with
\DeclareUnicodeCharacter 


! Package inputenc Error: Unicode character 형 (U+D615)
(inputenc)                not set up for use with LaTeX.

See the inputenc package documentation for explanation.
Type  H <return>  for immediate help.
 ...                                              
                                                  
l.18 \section{강수의 형
                           태}
You may provide a definition with
\DeclareUnicodeCharacter 


! Package inputenc Error: Unicode character 태 (U+D0DC)
(inputenc)                not set up for use with LaTeX.

See the inputenc package documentation for explanation.
Type  H <return>  for immediate help.
 ...                                              
                                                  
l.18 \section{강수의 형태
                              }
You may provide a definition with
\DeclareUnicodeCharacter 

! Undefined control sequence.
l.20 \section
             {다른 광학 현상들}
The control sequence at the end of the top line
of your error message was never \def'ed. If you have
misspelled it (e.g., `\hobx'), type `I' and the correct
spelling (e.g., `I\hbox'). Otherwise just continue,
and I'll forget about whatever was undefined.


! Package inputenc Error: Unicode character 다 (U+B2E4)
(inputenc)                not set up for use with LaTeX.

See the inputenc package documentation for explanation.
Type  H <return>  for immediate help.
 ...                                              
                                                  
l.20 \section{다
                 른 광학 현상들}
You may provide a definition with
\DeclareUnicodeCharacter 


! Package inputenc Error: Unicode character 른 (U+B978)
(inputenc)                not set up for use with LaTeX.

See the inputenc package documentation for explanation.
Type  H <return>  for immediate help.
 ...                                              
                                                  
l.20 \section{다른
                     광학 현상들}
You may provide a definition with
\DeclareUnicodeCharacter 


! Package inputenc Error: Unicode character 광 (U+AD11)
(inputenc)                not set up for use with LaTeX.

See the inputenc package documentation for explanation.
Type  H <return>  for immediate help.
 ...                                              
                                                  
l.20 \section{다른 광
                        학 현상들}
You may provide a definition with
\DeclareUnicodeCharacter 


! Package inputenc Error: Unicode character 학 (U+D559)
(inputenc)                not set up for use with LaTeX.

See the inputenc package documentation for explanation.
Type  H <return>  for immediate help.
 ...                                              
                                                  
l.20 \section{다른 광학
                            현상들}
You may provide a definition with
\DeclareUnicodeCharacter 


! Package inputenc Error: Unicode character 현 (U+D604)
(inputenc)                not set up for use with LaTeX.

See the inputenc package documentation for explanation.
Type  H <return>  for immediate help.
 ...                                              
                                                  
l.20 \section{다른 광학 현
                               상들}
You may provide a definition with
\DeclareUnicodeCharacter 


! Package inputenc Error: Unicode character 상 (U+C0C1)
(inputenc)                not set up for use with LaTeX.

See the inputenc package documentation for explanation.
Type  H <return>  for immediate help.
 ...                                              
                                                  
l.20 \section{다른 광학 현상
                                  들}
You may provide a definition with
\DeclareUnicodeCharacter 


! Package inputenc Error: Unicode character 들 (U+B4E4)
(inputenc)                not set up for use with LaTeX.

See the inputenc package documentation for explanation.
Type  H <return>  for immediate help.
 ...                                              
                                                  
l.20 \section{다른 광학 현상들
                                     }
You may provide a definition with
\DeclareUnicodeCharacter 

)
! Emergency stop.
<*> chap-16.tex
               
*** (job aborted, no legal \end found)

 
Here is how much of TeX's memory you used:
 48 strings out of 479304
 583 string characters out of 5869780
 271120 words of memory out of 5000000
 17340 multiletter control sequences out of 15000+600000
 403430 words of font info for 27 fonts, out of 8000000 for 9000
 1141 hyphenation exceptions out of 8191
 13i,3n,15p,78b,36s stack positions out of 5000i,500n,10000p,200000b,80000s
!  ==> Fatal error occurred, no output PDF file produced!
