This is pdfTeX, Version 3.14159265-2.6-1.40.21 (TeX Live 2020/Debian) (preloaded format=pdflatex 2021.6.16)  29 SEP 2021 08:23
entering extended mode
 restricted \write18 enabled.
 %&-line parsing enabled.
**ASE_2021.tex
(./ASE_2021.tex
LaTeX2e <2020-10-01> patch level 4
L3 programming layer <2021-01-09> xparse <2020-03-03> (./gshs_beamer_class.cls
Document Class: gshs_beamer_class 
(/usr/share/texlive/texmf-dist/tex/latex/beamer/beamer.cls
Document Class: beamer 2020/11/26 v3.60 A class for typesetting presentations
(/usr/share/texlive/texmf-dist/tex/latex/beamer/beamerbasemodes.sty
(/usr/share/texlive/texmf-dist/tex/latex/etoolbox/etoolbox.sty
Package: etoolbox 2020/10/05 v2.5k e-TeX tools for LaTeX (JAW)
\etb@tempcnta=\count177
)
\beamer@tempbox=\box47
\beamer@tempcount=\count178
\c@beamerpauses=\count179

(/usr/share/texlive/texmf-dist/tex/latex/beamer/beamerbasedecode.sty
\beamer@slideinframe=\count180
\beamer@minimum=\count181
\beamer@decode@box=\box48
)
\beamer@commentbox=\box49
\beamer@modecount=\count182
)
(/usr/share/texlive/texmf-dist/tex/generic/iftex/ifpdf.sty
Package: ifpdf 2019/10/25 v3.4 ifpdf legacy package. Use iftex instead.

(/usr/share/texlive/texmf-dist/tex/generic/iftex/iftex.sty
Package: iftex 2020/03/06 v1.0d TeX engine tests
))
\headdp=\dimen138
\footheight=\dimen139
\sidebarheight=\dimen140
\beamer@tempdim=\dimen141
\beamer@finalheight=\dimen142
\beamer@animht=\dimen143
\beamer@animdp=\dimen144
\beamer@animwd=\dimen145
\beamer@leftmargin=\dimen146
\beamer@rightmargin=\dimen147
\beamer@leftsidebar=\dimen148
\beamer@rightsidebar=\dimen149
\beamer@boxsize=\dimen150
\beamer@vboxoffset=\dimen151
\beamer@descdefault=\dimen152
\beamer@descriptionwidth=\dimen153
\beamer@lastskip=\skip47
\beamer@areabox=\box50
\beamer@animcurrent=\box51
\beamer@animshowbox=\box52
\beamer@sectionbox=\box53
\beamer@logobox=\box54
\beamer@linebox=\box55
\beamer@sectioncount=\count183
\beamer@subsubsectionmax=\count184
\beamer@subsectionmax=\count185
\beamer@sectionmax=\count186
\beamer@totalheads=\count187
\beamer@headcounter=\count188
\beamer@partstartpage=\count189
\beamer@sectionstartpage=\count190
\beamer@subsectionstartpage=\count191
\beamer@animationtempa=\count192
\beamer@animationtempb=\count193
\beamer@xpos=\count194
\beamer@ypos=\count195
\beamer@ypos@offset=\count196
\beamer@showpartnumber=\count197
\beamer@currentsubsection=\count198
\beamer@coveringdepth=\count199
\beamer@sectionadjust=\count266
\beamer@tocsectionnumber=\count267

(/usr/share/texlive/texmf-dist/tex/latex/beamer/beamerbaseoptions.sty
(/usr/share/texlive/texmf-dist/tex/latex/graphics/keyval.sty
Package: keyval 2014/10/28 v1.15 key=value parser (DPC)
\KV@toks@=\toks15
))
\beamer@paperwidth=\skip48
\beamer@paperheight=\skip49

(/usr/share/texlive/texmf-dist/tex/latex/geometry/geometry.sty
Package: geometry 2020/01/02 v5.9 Page Geometry

(/usr/share/texlive/texmf-dist/tex/generic/iftex/ifvtex.sty
Package: ifvtex 2019/10/25 v1.7 ifvtex legacy package. Use iftex instead.
)
\Gm@cnth=\count268
\Gm@cntv=\count269
\c@Gm@tempcnt=\count270
\Gm@bindingoffset=\dimen154
\Gm@wd@mp=\dimen155
\Gm@odd@mp=\dimen156
\Gm@even@mp=\dimen157
\Gm@layoutwidth=\dimen158
\Gm@layoutheight=\dimen159
\Gm@layouthoffset=\dimen160
\Gm@layoutvoffset=\dimen161
\Gm@dimlist=\toks16
)
(/usr/share/texlive/texmf-dist/tex/latex/base/size11.clo
File: size11.clo 2020/04/10 v1.4m Standard LaTeX file (size option)
)
(/usr/share/texlive/texmf-dist/tex/latex/pgf/basiclayer/pgfcore.sty
(/usr/share/texlive/texmf-dist/tex/latex/graphics/graphicx.sty
Package: graphicx 2020/09/09 v1.2b Enhanced LaTeX Graphics (DPC,SPQR)

(/usr/share/texlive/texmf-dist/tex/latex/graphics/graphics.sty
Package: graphics 2020/08/30 v1.4c Standard LaTeX Graphics (DPC,SPQR)

(/usr/share/texlive/texmf-dist/tex/latex/graphics/trig.sty
Package: trig 2016/01/03 v1.10 sin cos tan (DPC)
)
(/usr/share/texlive/texmf-dist/tex/latex/graphics-cfg/graphics.cfg
File: graphics.cfg 2016/06/04 v1.11 sample graphics configuration
)
Package graphics Info: Driver file: pdftex.def on input line 105.

(/usr/share/texlive/texmf-dist/tex/latex/graphics-def/pdftex.def
File: pdftex.def 2020/10/05 v1.2a Graphics/color driver for pdftex
))
\Gin@req@height=\dimen162
\Gin@req@width=\dimen163
)
(/usr/share/texlive/texmf-dist/tex/latex/pgf/systemlayer/pgfsys.sty
(/usr/share/texlive/texmf-dist/tex/latex/pgf/utilities/pgfrcs.sty
(/usr/share/texlive/texmf-dist/tex/generic/pgf/utilities/pgfutil-common.tex
\pgfutil@everybye=\toks17
\pgfutil@tempdima=\dimen164
\pgfutil@tempdimb=\dimen165

(/usr/share/texlive/texmf-dist/tex/generic/pgf/utilities/pgfutil-common-lists.t
ex)) (/usr/share/texlive/texmf-dist/tex/generic/pgf/utilities/pgfutil-latex.def
\pgfutil@abb=\box56
) (/usr/share/texlive/texmf-dist/tex/generic/pgf/utilities/pgfrcs.code.tex
(/usr/share/texlive/texmf-dist/tex/generic/pgf/pgf.revision.tex)
Package: pgfrcs 2020/12/27 v3.1.8b (3.1.8b)
))
(/usr/share/texlive/texmf-dist/tex/generic/pgf/systemlayer/pgfsys.code.tex
Package: pgfsys 2020/12/27 v3.1.8b (3.1.8b)

(/usr/share/texlive/texmf-dist/tex/generic/pgf/utilities/pgfkeys.code.tex
\pgfkeys@pathtoks=\toks18
\pgfkeys@temptoks=\toks19

(/usr/share/texlive/texmf-dist/tex/generic/pgf/utilities/pgfkeysfiltered.code.t
ex
\pgfkeys@tmptoks=\toks20
))
\pgf@x=\dimen166
\pgf@y=\dimen167
\pgf@xa=\dimen168
\pgf@ya=\dimen169
\pgf@xb=\dimen170
\pgf@yb=\dimen171
\pgf@xc=\dimen172
\pgf@yc=\dimen173
\pgf@xd=\dimen174
\pgf@yd=\dimen175
\w@pgf@writea=\write3
\r@pgf@reada=\read2
\c@pgf@counta=\count271
\c@pgf@countb=\count272
\c@pgf@countc=\count273
\c@pgf@countd=\count274
\t@pgf@toka=\toks21
\t@pgf@tokb=\toks22
\t@pgf@tokc=\toks23
\pgf@sys@id@count=\count275
 (/usr/share/texlive/texmf-dist/tex/generic/pgf/systemlayer/pgf.cfg
File: pgf.cfg 2020/12/27 v3.1.8b (3.1.8b)
)
Driver file for pgf: pgfsys-pdftex.def

(/usr/share/texlive/texmf-dist/tex/generic/pgf/systemlayer/pgfsys-pdftex.def
File: pgfsys-pdftex.def 2020/12/27 v3.1.8b (3.1.8b)

(/usr/share/texlive/texmf-dist/tex/generic/pgf/systemlayer/pgfsys-common-pdf.de
f
File: pgfsys-common-pdf.def 2020/12/27 v3.1.8b (3.1.8b)
)))
(/usr/share/texlive/texmf-dist/tex/generic/pgf/systemlayer/pgfsyssoftpath.code.
tex
File: pgfsyssoftpath.code.tex 2020/12/27 v3.1.8b (3.1.8b)
\pgfsyssoftpath@smallbuffer@items=\count276
\pgfsyssoftpath@bigbuffer@items=\count277
)
(/usr/share/texlive/texmf-dist/tex/generic/pgf/systemlayer/pgfsysprotocol.code.
tex
File: pgfsysprotocol.code.tex 2020/12/27 v3.1.8b (3.1.8b)
)) (/usr/share/texlive/texmf-dist/tex/latex/xcolor/xcolor.sty
Package: xcolor 2016/05/11 v2.12 LaTeX color extensions (UK)

(/usr/share/texlive/texmf-dist/tex/latex/graphics-cfg/color.cfg
File: color.cfg 2016/01/02 v1.6 sample color configuration
)
Package xcolor Info: Driver file: pdftex.def on input line 225.
Package xcolor Info: Model `cmy' substituted by `cmy0' on input line 1348.
Package xcolor Info: Model `hsb' substituted by `rgb' on input line 1352.
Package xcolor Info: Model `RGB' extended on input line 1364.
Package xcolor Info: Model `HTML' substituted by `rgb' on input line 1366.
Package xcolor Info: Model `Hsb' substituted by `hsb' on input line 1367.
Package xcolor Info: Model `tHsb' substituted by `hsb' on input line 1368.
Package xcolor Info: Model `HSB' substituted by `hsb' on input line 1369.
Package xcolor Info: Model `Gray' substituted by `gray' on input line 1370.
Package xcolor Info: Model `wave' substituted by `hsb' on input line 1371.
)
(/usr/share/texlive/texmf-dist/tex/generic/pgf/basiclayer/pgfcore.code.tex
Package: pgfcore 2020/12/27 v3.1.8b (3.1.8b)

(/usr/share/texlive/texmf-dist/tex/generic/pgf/math/pgfmath.code.tex
(/usr/share/texlive/texmf-dist/tex/generic/pgf/math/pgfmathcalc.code.tex
(/usr/share/texlive/texmf-dist/tex/generic/pgf/math/pgfmathutil.code.tex)
(/usr/share/texlive/texmf-dist/tex/generic/pgf/math/pgfmathparser.code.tex
\pgfmath@dimen=\dimen176
\pgfmath@count=\count278
\pgfmath@box=\box57
\pgfmath@toks=\toks24
\pgfmath@stack@operand=\toks25
\pgfmath@stack@operation=\toks26
)
(/usr/share/texlive/texmf-dist/tex/generic/pgf/math/pgfmathfunctions.code.tex
(/usr/share/texlive/texmf-dist/tex/generic/pgf/math/pgfmathfunctions.basic.code
.tex)
(/usr/share/texlive/texmf-dist/tex/generic/pgf/math/pgfmathfunctions.trigonomet
ric.code.tex)
(/usr/share/texlive/texmf-dist/tex/generic/pgf/math/pgfmathfunctions.random.cod
e.tex)
(/usr/share/texlive/texmf-dist/tex/generic/pgf/math/pgfmathfunctions.comparison
.code.tex)
(/usr/share/texlive/texmf-dist/tex/generic/pgf/math/pgfmathfunctions.base.code.
tex)
(/usr/share/texlive/texmf-dist/tex/generic/pgf/math/pgfmathfunctions.round.code
.tex)
(/usr/share/texlive/texmf-dist/tex/generic/pgf/math/pgfmathfunctions.misc.code.
tex)
(/usr/share/texlive/texmf-dist/tex/generic/pgf/math/pgfmathfunctions.integerari
thmetics.code.tex)))
(/usr/share/texlive/texmf-dist/tex/generic/pgf/math/pgfmathfloat.code.tex
\c@pgfmathroundto@lastzeros=\count279
))
(/usr/share/texlive/texmf-dist/tex/generic/pgf/math/pgfint.code.tex)
(/usr/share/texlive/texmf-dist/tex/generic/pgf/basiclayer/pgfcorepoints.code.te
x
File: pgfcorepoints.code.tex 2020/12/27 v3.1.8b (3.1.8b)
\pgf@picminx=\dimen177
\pgf@picmaxx=\dimen178
\pgf@picminy=\dimen179
\pgf@picmaxy=\dimen180
\pgf@pathminx=\dimen181
\pgf@pathmaxx=\dimen182
\pgf@pathminy=\dimen183
\pgf@pathmaxy=\dimen184
\pgf@xx=\dimen185
\pgf@xy=\dimen186
\pgf@yx=\dimen187
\pgf@yy=\dimen188
\pgf@zx=\dimen189
\pgf@zy=\dimen190
)
(/usr/share/texlive/texmf-dist/tex/generic/pgf/basiclayer/pgfcorepathconstruct.
code.tex
File: pgfcorepathconstruct.code.tex 2020/12/27 v3.1.8b (3.1.8b)
\pgf@path@lastx=\dimen191
\pgf@path@lasty=\dimen192
)
(/usr/share/texlive/texmf-dist/tex/generic/pgf/basiclayer/pgfcorepathusage.code
.tex
File: pgfcorepathusage.code.tex 2020/12/27 v3.1.8b (3.1.8b)
\pgf@shorten@end@additional=\dimen193
\pgf@shorten@start@additional=\dimen194
)
(/usr/share/texlive/texmf-dist/tex/generic/pgf/basiclayer/pgfcorescopes.code.te
x
File: pgfcorescopes.code.tex 2020/12/27 v3.1.8b (3.1.8b)
\pgfpic=\box58
\pgf@hbox=\box59
\pgf@layerbox@main=\box60
\pgf@picture@serial@count=\count280
)
(/usr/share/texlive/texmf-dist/tex/generic/pgf/basiclayer/pgfcoregraphicstate.c
ode.tex
File: pgfcoregraphicstate.code.tex 2020/12/27 v3.1.8b (3.1.8b)
\pgflinewidth=\dimen195
)
(/usr/share/texlive/texmf-dist/tex/generic/pgf/basiclayer/pgfcoretransformation
s.code.tex
File: pgfcoretransformations.code.tex 2020/12/27 v3.1.8b (3.1.8b)
\pgf@pt@x=\dimen196
\pgf@pt@y=\dimen197
\pgf@pt@temp=\dimen198
)
(/usr/share/texlive/texmf-dist/tex/generic/pgf/basiclayer/pgfcorequick.code.tex
File: pgfcorequick.code.tex 2020/12/27 v3.1.8b (3.1.8b)
)
(/usr/share/texlive/texmf-dist/tex/generic/pgf/basiclayer/pgfcoreobjects.code.t
ex
File: pgfcoreobjects.code.tex 2020/12/27 v3.1.8b (3.1.8b)
)
(/usr/share/texlive/texmf-dist/tex/generic/pgf/basiclayer/pgfcorepathprocessing
.code.tex
File: pgfcorepathprocessing.code.tex 2020/12/27 v3.1.8b (3.1.8b)
)
(/usr/share/texlive/texmf-dist/tex/generic/pgf/basiclayer/pgfcorearrows.code.te
x
File: pgfcorearrows.code.tex 2020/12/27 v3.1.8b (3.1.8b)
\pgfarrowsep=\dimen199
)
(/usr/share/texlive/texmf-dist/tex/generic/pgf/basiclayer/pgfcoreshade.code.tex
File: pgfcoreshade.code.tex 2020/12/27 v3.1.8b (3.1.8b)
\pgf@max=\dimen256
\pgf@sys@shading@range@num=\count281
\pgf@shadingcount=\count282
)
(/usr/share/texlive/texmf-dist/tex/generic/pgf/basiclayer/pgfcoreimage.code.tex
File: pgfcoreimage.code.tex 2020/12/27 v3.1.8b (3.1.8b)

(/usr/share/texlive/texmf-dist/tex/generic/pgf/basiclayer/pgfcoreexternal.code.
tex
File: pgfcoreexternal.code.tex 2020/12/27 v3.1.8b (3.1.8b)
\pgfexternal@startupbox=\box61
))
(/usr/share/texlive/texmf-dist/tex/generic/pgf/basiclayer/pgfcorelayers.code.te
x
File: pgfcorelayers.code.tex 2020/12/27 v3.1.8b (3.1.8b)
)
(/usr/share/texlive/texmf-dist/tex/generic/pgf/basiclayer/pgfcoretransparency.c
ode.tex
File: pgfcoretransparency.code.tex 2020/12/27 v3.1.8b (3.1.8b)
)
(/usr/share/texlive/texmf-dist/tex/generic/pgf/basiclayer/pgfcorepatterns.code.
tex
File: pgfcorepatterns.code.tex 2020/12/27 v3.1.8b (3.1.8b)
)
(/usr/share/texlive/texmf-dist/tex/generic/pgf/basiclayer/pgfcorerdf.code.tex
File: pgfcorerdf.code.tex 2020/12/27 v3.1.8b (3.1.8b)
))) (/usr/share/texlive/texmf-dist/tex/latex/pgf/utilities/xxcolor.sty
Package: xxcolor 2003/10/24 ver 0.1
\XC@nummixins=\count283
\XC@countmixins=\count284
)
(/usr/share/texlive/texmf-dist/tex/latex/base/atbegshi-ltx.sty
Package: atbegshi-ltx 2020/08/17 v1.0a Emulation of the original atbegshi packa
ge
with kernel methods
)
(/usr/share/texlive/texmf-dist/tex/latex/hyperref/hyperref.sty
Package: hyperref 2020-05-15 v7.00e Hypertext links for LaTeX

(/usr/share/texlive/texmf-dist/tex/generic/ltxcmds/ltxcmds.sty
Package: ltxcmds 2020-05-10 v1.25 LaTeX kernel commands for general use (HO)
)
(/usr/share/texlive/texmf-dist/tex/generic/pdftexcmds/pdftexcmds.sty
Package: pdftexcmds 2020-06-27 v0.33 Utility functions of pdfTeX for LuaTeX (HO
)

(/usr/share/texlive/texmf-dist/tex/generic/infwarerr/infwarerr.sty
Package: infwarerr 2019/12/03 v1.5 Providing info/warning/error messages (HO)
)
Package pdftexcmds Info: \pdf@primitive is available.
Package pdftexcmds Info: \pdf@ifprimitive is available.
Package pdftexcmds Info: \pdfdraftmode found.
)
(/usr/share/texlive/texmf-dist/tex/generic/kvsetkeys/kvsetkeys.sty
Package: kvsetkeys 2019/12/15 v1.18 Key value parser (HO)
)
(/usr/share/texlive/texmf-dist/tex/generic/kvdefinekeys/kvdefinekeys.sty
Package: kvdefinekeys 2019-12-19 v1.6 Define keys (HO)
)
(/usr/share/texlive/texmf-dist/tex/generic/pdfescape/pdfescape.sty
Package: pdfescape 2019/12/09 v1.15 Implements pdfTeX's escape features (HO)
)
(/usr/share/texlive/texmf-dist/tex/latex/hycolor/hycolor.sty
Package: hycolor 2020-01-27 v1.10 Color options for hyperref/bookmark (HO)
)
(/usr/share/texlive/texmf-dist/tex/latex/letltxmacro/letltxmacro.sty
Package: letltxmacro 2019/12/03 v1.6 Let assignment for LaTeX macros (HO)
)
(/usr/share/texlive/texmf-dist/tex/latex/auxhook/auxhook.sty
Package: auxhook 2019-12-17 v1.6 Hooks for auxiliary files (HO)
)
(/usr/share/texlive/texmf-dist/tex/latex/kvoptions/kvoptions.sty
Package: kvoptions 2020-10-07 v3.14 Key value format for package options (HO)
)
\@linkdim=\dimen257
\Hy@linkcounter=\count285
\Hy@pagecounter=\count286

(/usr/share/texlive/texmf-dist/tex/latex/hyperref/pd1enc.def
File: pd1enc.def 2020-05-15 v7.00e Hyperref: PDFDocEncoding definition (HO)
Now handling font encoding PD1 ...
... no UTF-8 mapping file for font encoding PD1
)
(/usr/share/texlive/texmf-dist/tex/generic/intcalc/intcalc.sty
Package: intcalc 2019/12/15 v1.3 Expandable calculations with integers (HO)
)
(/usr/share/texlive/texmf-dist/tex/generic/etexcmds/etexcmds.sty
Package: etexcmds 2019/12/15 v1.7 Avoid name clashes with e-TeX commands (HO)
)
\Hy@SavedSpaceFactor=\count287
Package hyperref Info: Option `bookmarks' set `true' on input line 4338.
Package hyperref Info: Option `bookmarksopen' set `true' on input line 4338.
Package hyperref Info: Option `implicit' set `false' on input line 4338.
Package hyperref Info: Hyper figures OFF on input line 4464.
Package hyperref Info: Link nesting OFF on input line 4469.
Package hyperref Info: Hyper index ON on input line 4472.
Package hyperref Info: Plain pages OFF on input line 4479.
Package hyperref Info: Backreferencing OFF on input line 4484.
Package hyperref Info: Implicit mode OFF; no redefinition of LaTeX internals.
Package hyperref Info: Bookmarks ON on input line 4717.
\c@Hy@tempcnt=\count288

(/usr/share/texlive/texmf-dist/tex/latex/url/url.sty
\Urlmuskip=\muskip16
Package: url 2013/09/16  ver 3.4  Verb mode for urls, etc.
)
LaTeX Info: Redefining \url on input line 5076.
\XeTeXLinkMargin=\dimen258

(/usr/share/texlive/texmf-dist/tex/generic/bitset/bitset.sty
Package: bitset 2019/12/09 v1.3 Handle bit-vector datatype (HO)

(/usr/share/texlive/texmf-dist/tex/generic/bigintcalc/bigintcalc.sty
Package: bigintcalc 2019/12/15 v1.5 Expandable calculations on big integers (HO
)
))
\Fld@menulength=\count289
\Field@Width=\dimen259
\Fld@charsize=\dimen260
Package hyperref Info: Hyper figures OFF on input line 6347.
Package hyperref Info: Link nesting OFF on input line 6352.
Package hyperref Info: Hyper index ON on input line 6355.
Package hyperref Info: backreferencing OFF on input line 6362.
Package hyperref Info: Link coloring OFF on input line 6367.
Package hyperref Info: Link coloring with OCG OFF on input line 6372.
Package hyperref Info: PDF/A mode OFF on input line 6377.
LaTeX Info: Redefining \ref on input line 6417.
LaTeX Info: Redefining \pageref on input line 6421.
\Hy@abspage=\count290


Package hyperref Message: Stopped early.

)
Package hyperref Info: Driver (autodetected): hpdftex.
 (/usr/share/texlive/texmf-dist/tex/latex/hyperref/hpdftex.def
File: hpdftex.def 2020-05-15 v7.00e Hyperref driver for pdfTeX

(/usr/share/texlive/texmf-dist/tex/latex/base/atveryend-ltx.sty
Package: atveryend-ltx 2020/08/19 v1.0a Emulation of the original atvery packag
e
with kernel methods
)
\Fld@listcount=\count291
\c@bookmark@seq@number=\count292

(/usr/share/texlive/texmf-dist/tex/latex/rerunfilecheck/rerunfilecheck.sty
Package: rerunfilecheck 2019/12/05 v1.9 Rerun checks for auxiliary files (HO)

(/usr/share/texlive/texmf-dist/tex/generic/uniquecounter/uniquecounter.sty
Package: uniquecounter 2019/12/15 v1.4 Provide unlimited unique counter (HO)
)
Package uniquecounter Info: New unique counter `rerunfilecheck' on input line 2
86.
))
(/usr/share/texlive/texmf-dist/tex/latex/beamer/beamerbaserequires.sty
(/usr/share/texlive/texmf-dist/tex/latex/beamer/beamerbasecompatibility.sty)
(/usr/share/texlive/texmf-dist/tex/latex/beamer/beamerbasefont.sty
(/usr/share/texlive/texmf-dist/tex/latex/amsfonts/amssymb.sty
Package: amssymb 2013/01/14 v3.01 AMS font symbols

(/usr/share/texlive/texmf-dist/tex/latex/amsfonts/amsfonts.sty
Package: amsfonts 2013/01/14 v3.01 Basic AMSFonts support
\@emptytoks=\toks27
\symAMSa=\mathgroup4
\symAMSb=\mathgroup5
LaTeX Font Info:    Redeclaring math symbol \hbar on input line 98.
LaTeX Font Info:    Overwriting math alphabet `\mathfrak' in version `bold'
(Font)                  U/euf/m/n --> U/euf/b/n on input line 106.
))
(/usr/share/texlive/texmf-dist/tex/latex/sansmathaccent/sansmathaccent.sty
Package: sansmathaccent 2020/01/31

(/usr/share/texlive/texmf-dist/tex/latex/koma-script/scrlfile.sty
Package: scrlfile 2020/09/21 v3.32 KOMA-Script package (file load hooks)

(/usr/share/texlive/texmf-dist/tex/latex/koma-script/scrlfile-hook.sty
Package: scrlfile-hook 2020/09/21 v3.32 KOMA-Script package (using LaTeX hooks)


LaTeX3 Info: Defining command \BeforeFile with sig. 'm' on line 61.


LaTeX3 Info: Defining command \AfterFile with sig. 'm' on line 65.


LaTeX3 Info: Defining command \BeforeClass with sig. 'm' on line 69.


LaTeX3 Info: Defining command \BeforePackage with sig. 'm' on line 73.


LaTeX3 Info: Defining command \AfterAtEndOfClass with sig. 'smo+m' on line 83.


LaTeX3 Info: Defining command \AfterAtEndOfPackage with sig. 'smo+m' on line
(LaTeX3)     93.


LaTeX3 Info: Defining command \scrlfile@AfterClass with sig. 'smo+m' on line
(LaTeX3)     173.


LaTeX3 Info: Defining command \AfterClass with sig. '' on line 174.


LaTeX3 Info: Defining command \scrlfile@AfterPackage with sig. 'smo+m' on line
(LaTeX3)     191.


LaTeX3 Info: Defining command \AfterPackage with sig. '' on line 192.


LaTeX3 Info: Defining command \ReplaceInput with sig. '' on line 193.


LaTeX3 Info: Defining command \ReplaceClass with sig. 'mm' on line 196.


LaTeX3 Info: Defining command \ReplacePackage with sig. 'mm' on line 199.


LaTeX3 Info: Defining command \UnReplaceInput with sig. '' on line 200.


LaTeX3 Info: Defining command \UnReplaceClass with sig. 'm' on line 203.


LaTeX3 Info: Defining command \UnReplacePackage with sig. 'mm' on line 206.


LaTeX3 Info: Defining command \PreventPackageFromLoading with sig. 's+om' on
(LaTeX3)     line 234.


LaTeX3 Info: Defining command \StorePreventPackageFromLoading with sig. 'm' on
(LaTeX3)     line 242.


LaTeX3 Info: Defining command \ResetPreventPackageFromLoading with sig. '' on
(LaTeX3)     line 247.


LaTeX3 Info: Defining command \UnPreventPackageFromLoading with sig. 'sm' on
(LaTeX3)     line 261.


LaTeX3 Info: Defining command \BeforeClosingMainAux with sig. 'om' on line
(LaTeX3)     274.


LaTeX3 Info: Defining command \AfterReadingMainAux with sig. 'om' on line 287.


LaTeX3 Info: Defining command \protected@immediate@write with sig. 'm+m+m' on
(LaTeX3)     line 298.


(/usr/share/texlive/texmf-dist/tex/latex/koma-script/scrlogo.sty
Package: scrlogo 2020/09/21 v3.32 KOMA-Script package (logo)
)))))
(/usr/share/texlive/texmf-dist/tex/latex/beamer/beamerbasetranslator.sty
(/usr/share/texlive/texmf-dist/tex/latex/translator/translator.sty
Package: translator 2020-08-03 v1.12c Easy translation of strings in LaTeX
))
(/usr/share/texlive/texmf-dist/tex/latex/beamer/beamerbasemisc.sty)
(/usr/share/texlive/texmf-dist/tex/latex/beamer/beamerbasetwoscreens.sty)
(/usr/share/texlive/texmf-dist/tex/latex/beamer/beamerbaseoverlay.sty
\beamer@argscount=\count293
\beamer@lastskipcover=\skip50
\beamer@trivlistdepth=\count294
)
(/usr/share/texlive/texmf-dist/tex/latex/beamer/beamerbasetitle.sty)
(/usr/share/texlive/texmf-dist/tex/latex/beamer/beamerbasesection.sty
\c@lecture=\count295
\c@part=\count296
\c@section=\count297
\c@subsection=\count298
\c@subsubsection=\count299
)
(/usr/share/texlive/texmf-dist/tex/latex/beamer/beamerbaseframe.sty
\beamer@framebox=\box62
\beamer@frametitlebox=\box63
\beamer@zoombox=\box64
\beamer@zoomcount=\count300
\beamer@zoomframecount=\count301
\beamer@frametextheight=\dimen261
\c@subsectionslide=\count302
\beamer@frametopskip=\skip51
\beamer@framebottomskip=\skip52
\beamer@frametopskipautobreak=\skip53
\beamer@framebottomskipautobreak=\skip54
\beamer@envbody=\toks28
\framewidth=\dimen262
\c@framenumber=\count303
)
(/usr/share/texlive/texmf-dist/tex/latex/beamer/beamerbaseverbatim.sty
\beamer@verbatimfileout=\write4
)
(/usr/share/texlive/texmf-dist/tex/latex/beamer/beamerbaseframesize.sty
\beamer@splitbox=\box65
\beamer@autobreakcount=\count304
\beamer@autobreaklastheight=\dimen263
\beamer@frametitletoks=\toks29
\beamer@framesubtitletoks=\toks30
)
(/usr/share/texlive/texmf-dist/tex/latex/beamer/beamerbaseframecomponents.sty
\beamer@footins=\box66
)
(/usr/share/texlive/texmf-dist/tex/latex/beamer/beamerbasecolor.sty)
(/usr/share/texlive/texmf-dist/tex/latex/beamer/beamerbasenotes.sty
\beamer@frameboxcopy=\box67
)
(/usr/share/texlive/texmf-dist/tex/latex/beamer/beamerbasetoc.sty)
(/usr/share/texlive/texmf-dist/tex/latex/beamer/beamerbasetemplates.sty
\beamer@sbttoks=\toks31

(/usr/share/texlive/texmf-dist/tex/latex/beamer/beamerbaseauxtemplates.sty
(/usr/share/texlive/texmf-dist/tex/latex/beamer/beamerbaseboxes.sty
\bmb@box=\box68
\bmb@colorbox=\box69
\bmb@boxwidth=\dimen264
\bmb@boxheight=\dimen265
\bmb@prevheight=\dimen266
\bmb@temp=\dimen267
\bmb@dima=\dimen268
\bmb@dimb=\dimen269
\bmb@prevheight=\dimen270
)
\beamer@blockheadheight=\dimen271
))
(/usr/share/texlive/texmf-dist/tex/latex/beamer/beamerbaselocalstructure.sty
(/usr/share/texlive/texmf-dist/tex/latex/tools/enumerate.sty
Package: enumerate 2015/07/23 v3.00 enumerate extensions (DPC)
\@enLab=\toks32
)
\c@figure=\count305
\c@table=\count306
\abovecaptionskip=\skip55
\belowcaptionskip=\skip56
)
(/usr/share/texlive/texmf-dist/tex/latex/beamer/beamerbasenavigation.sty
\beamer@section@min@dim=\dimen272
)
(/usr/share/texlive/texmf-dist/tex/latex/beamer/beamerbasetheorems.sty
(/usr/share/texlive/texmf-dist/tex/latex/amsmath/amsmath.sty
Package: amsmath 2020/09/23 v2.17i AMS math features
\@mathmargin=\skip57

For additional information on amsmath, use the `?' option.
(/usr/share/texlive/texmf-dist/tex/latex/amsmath/amstext.sty
Package: amstext 2000/06/29 v2.01 AMS text

(/usr/share/texlive/texmf-dist/tex/latex/amsmath/amsgen.sty
File: amsgen.sty 1999/11/30 v2.0 generic functions
\@emptytoks=\toks33
\ex@=\dimen273
))
(/usr/share/texlive/texmf-dist/tex/latex/amsmath/amsbsy.sty
Package: amsbsy 1999/11/29 v1.2d Bold Symbols
\pmbraise@=\dimen274
)
(/usr/share/texlive/texmf-dist/tex/latex/amsmath/amsopn.sty
Package: amsopn 2016/03/08 v2.02 operator names
)
\inf@bad=\count307
LaTeX Info: Redefining \frac on input line 234.
\uproot@=\count308
\leftroot@=\count309
LaTeX Info: Redefining \overline on input line 399.
\classnum@=\count310
\DOTSCASE@=\count311
LaTeX Info: Redefining \ldots on input line 496.
LaTeX Info: Redefining \dots on input line 499.
LaTeX Info: Redefining \cdots on input line 620.
\Mathstrutbox@=\box70
\strutbox@=\box71
\big@size=\dimen275
LaTeX Font Info:    Redeclaring font encoding OML on input line 743.
LaTeX Font Info:    Redeclaring font encoding OMS on input line 744.
\macc@depth=\count312
\c@MaxMatrixCols=\count313
\dotsspace@=\muskip17
\c@parentequation=\count314
\dspbrk@lvl=\count315
\tag@help=\toks34
\row@=\count316
\column@=\count317
\maxfields@=\count318
\andhelp@=\toks35
\eqnshift@=\dimen276
\alignsep@=\dimen277
\tagshift@=\dimen278
\tagwidth@=\dimen279
\totwidth@=\dimen280
\lineht@=\dimen281
\@envbody=\toks36
\multlinegap=\skip58
\multlinetaggap=\skip59
\mathdisplay@stack=\toks37
LaTeX Info: Redefining \[ on input line 2923.
LaTeX Info: Redefining \] on input line 2924.
)
(/usr/share/texlive/texmf-dist/tex/latex/amscls/amsthm.sty
Package: amsthm 2020/05/29 v2.20.6
\thm@style=\toks38
\thm@bodyfont=\toks39
\thm@headfont=\toks40
\thm@notefont=\toks41
\thm@headpunct=\toks42
\thm@preskip=\skip60
\thm@postskip=\skip61
\thm@headsep=\skip62
\dth@everypar=\toks43
)
\c@theorem=\count319
)
(/usr/share/texlive/texmf-dist/tex/latex/beamer/beamerbasethemes.sty))
(/usr/share/texlive/texmf-dist/tex/latex/beamer/beamerthemedefault.sty
(/usr/share/texlive/texmf-dist/tex/latex/beamer/beamerfontthemedefault.sty)
(/usr/share/texlive/texmf-dist/tex/latex/beamer/beamercolorthemedefault.sty)
(/usr/share/texlive/texmf-dist/tex/latex/beamer/beamerinnerthemedefault.sty
\beamer@dima=\dimen282
\beamer@dimb=\dimen283
)
(/usr/share/texlive/texmf-dist/tex/latex/beamer/beamerouterthemedefault.sty)))
(/usr/share/texlive/texmf-dist/tex/latex/beamer/beamerthemeBerkeley.sty
(/usr/share/texlive/texmf-dist/tex/latex/beamer/beamerouterthemesidebar.sty
\beamer@sidebarwidth=\dimen284
\beamer@headheight=\dimen285
)
(/usr/share/texlive/texmf-dist/tex/latex/beamer/beamerinnerthemerectangles.sty)
(/usr/share/texlive/texmf-dist/tex/latex/beamer/beamercolorthemewhale.sty)
(/usr/share/texlive/texmf-dist/tex/latex/beamer/beamercolorthemeorchid.sty))
(/usr/share/texlive/texmf-dist/tex/latex/base/ifthen.sty
Package: ifthen 2014/09/29 v1.1c Standard LaTeX ifthen package (DPC)
)
(/usr/share/texlive/texmf-dist/tex/latex/cjk-ko/kotex.sty
Package: kotex 2015/04/19 v1.6 Korean TeX (ko.TeX)

(/usr/share/texlive/texmf-dist/tex/latex/kotex-utf/kotex.cfg)
(/usr/share/texlive/texmf-dist/tex/latex/kotex-utf/kotexutf.sty
Package: kotexutf 2015/07/18 v2.1.1 typesetting UTF-8 Korean documents

(/usr/share/texlive/texmf-dist/tex/latex/base/inputenc.sty
Package: inputenc 2020/08/01 v1.3d Input encoding file
\inpenc@prehook=\toks44
\inpenc@posthook=\toks45
)
(/usr/share/texlive/texmf-dist/tex/plain/kotex-plain/kotexutf-core.tex
\unih@ngulpoint=\count320
\dhucs@emph@raise=\dimen286
)
Now handling font encoding LUC ...
... processing UTF-8 mapping file for font encoding LUC

(/usr/share/texlive/texmf-dist/tex/latex/kotex-utf/lucenc.dfu
File: lucenc.dfu 2007/09/05 UTF-8 support for dhucs
   defining Unicode char U+00B7 (decimal 183)
   defining Unicode char U+2018 (decimal 8216)
   defining Unicode char U+2019 (decimal 8217)
   defining Unicode char U+201C (decimal 8220)
   defining Unicode char U+201D (decimal 8221)
   defining Unicode char U+3001 (decimal 12289)
   defining Unicode char U+3002 (decimal 12290)
   defining Unicode char U+3008 (decimal 12296)
   defining Unicode char U+3009 (decimal 12297)
   defining Unicode char U+300A (decimal 12298)
   defining Unicode char U+300B (decimal 12299)
   defining Unicode char U+300C (decimal 12300)
   defining Unicode char U+300D (decimal 12301)
   defining Unicode char U+300E (decimal 12302)
   defining Unicode char U+300F (decimal 12303)
   defining Unicode char U+3010 (decimal 12304)
   defining Unicode char U+3011 (decimal 12305)
   defining Unicode char U+3014 (decimal 12308)
   defining Unicode char U+3015 (decimal 12309)
   defining Unicode char U+3016 (decimal 12310)
   defining Unicode char U+3017 (decimal 12311)
   defining Unicode char U+3018 (decimal 12312)
   defining Unicode char U+3019 (decimal 12313)
   defining Unicode char U+301A (decimal 12314)
   defining Unicode char U+301B (decimal 12315)
   defining Unicode char U+FF01 (decimal 65281)
   defining Unicode char U+FF08 (decimal 65288)
   defining Unicode char U+FF09 (decimal 65289)
   defining Unicode char U+FF0C (decimal 65292)
   defining Unicode char U+FF0E (decimal 65294)
   defining Unicode char U+FF1A (decimal 65306)
   defining Unicode char U+FF1B (decimal 65307)
   defining Unicode char U+FF1C (decimal 65308)
   defining Unicode char U+FF1D (decimal 65309)
   defining Unicode char U+FF1E (decimal 65310)
   defining Unicode char U+FF1F (decimal 65311)
   defining Unicode char U+FF3B (decimal 65339)
   defining Unicode char U+FF3D (decimal 65341)
   defining Unicode char U+FF5B (decimal 65371)
   defining Unicode char U+FF5D (decimal 65373)
   defining Unicode char U+FF61 (decimal 65377)
   defining Unicode char U+FF62 (decimal 65378)
   defining Unicode char U+FF63 (decimal 65379)
   defining Unicode char U+FF64 (decimal 65380)
   defining Unicode char U+FF65 (decimal 65381)
)
\@josa=\count321
\josatoks=\toks46

(/usr/share/texlive/texmf-dist/tex/latex/cjk-ko/kolabels-utf.sty
Package: kolabels-utf 2015/03/20 v1.5 UTF-8 Hangul item labels
)
(/usr/share/texlive/texmf-dist/tex/latex/kotex-utf/kosections-utf.sty
File: kosections-utf 2013/10/20 hangul option to kotex/utf
   defining Unicode char U+00BC (decimal 188)
   defining Unicode char U+00BD (decimal 189)
   defining Unicode char U+00BE (decimal 190)
   defining Unicode char U+02D0 (decimal 720)
   defining Unicode char U+2025 (decimal 8229)
   defining Unicode char U+2015 (decimal 8213)
   defining Unicode char U+2312 (decimal 8978)
   defining Unicode char U+203B (decimal 8251)

(/usr/share/texlive/texmf-dist/tex/latex/cjk-ko/konames-utf.sty
Package: konames-utf 2015/07/06 v1.7 UTF-8 Hangul captions
)
\raisedotdim=\dimen287
\dhucs@emph@width=\dimen288
\useremphraisedim=\dimen289
)))
(/usr/share/texlive/texmf-dist/tex/latex/pgf/frontendlayer/tikz.sty
(/usr/share/texlive/texmf-dist/tex/latex/pgf/basiclayer/pgf.sty
Package: pgf 2020/12/27 v3.1.8b (3.1.8b)

(/usr/share/texlive/texmf-dist/tex/generic/pgf/modules/pgfmoduleshapes.code.tex
File: pgfmoduleshapes.code.tex 2020/12/27 v3.1.8b (3.1.8b)
\pgfnodeparttextbox=\box72
) (/usr/share/texlive/texmf-dist/tex/generic/pgf/modules/pgfmoduleplot.code.tex
File: pgfmoduleplot.code.tex 2020/12/27 v3.1.8b (3.1.8b)
)
(/usr/share/texlive/texmf-dist/tex/latex/pgf/compatibility/pgfcomp-version-0-65
.sty
Package: pgfcomp-version-0-65 2020/12/27 v3.1.8b (3.1.8b)
\pgf@nodesepstart=\dimen290
\pgf@nodesepend=\dimen291
)
(/usr/share/texlive/texmf-dist/tex/latex/pgf/compatibility/pgfcomp-version-1-18
.sty
Package: pgfcomp-version-1-18 2020/12/27 v3.1.8b (3.1.8b)
)) (/usr/share/texlive/texmf-dist/tex/latex/pgf/utilities/pgffor.sty
(/usr/share/texlive/texmf-dist/tex/latex/pgf/utilities/pgfkeys.sty
(/usr/share/texlive/texmf-dist/tex/generic/pgf/utilities/pgfkeys.code.tex))
(/usr/share/texlive/texmf-dist/tex/latex/pgf/math/pgfmath.sty
(/usr/share/texlive/texmf-dist/tex/generic/pgf/math/pgfmath.code.tex))
(/usr/share/texlive/texmf-dist/tex/generic/pgf/utilities/pgffor.code.tex
Package: pgffor 2020/12/27 v3.1.8b (3.1.8b)

(/usr/share/texlive/texmf-dist/tex/generic/pgf/math/pgfmath.code.tex)
\pgffor@iter=\dimen292
\pgffor@skip=\dimen293
\pgffor@stack=\toks47
\pgffor@toks=\toks48
))
(/usr/share/texlive/texmf-dist/tex/generic/pgf/frontendlayer/tikz/tikz.code.tex
Package: tikz 2020/12/27 v3.1.8b (3.1.8b)

(/usr/share/texlive/texmf-dist/tex/generic/pgf/libraries/pgflibraryplothandlers
.code.tex
File: pgflibraryplothandlers.code.tex 2020/12/27 v3.1.8b (3.1.8b)
\pgf@plot@mark@count=\count322
\pgfplotmarksize=\dimen294
)
\tikz@lastx=\dimen295
\tikz@lasty=\dimen296
\tikz@lastxsaved=\dimen297
\tikz@lastysaved=\dimen298
\tikz@lastmovetox=\dimen299
\tikz@lastmovetoy=\dimen300
\tikzleveldistance=\dimen301
\tikzsiblingdistance=\dimen302
\tikz@figbox=\box73
\tikz@figbox@bg=\box74
\tikz@tempbox=\box75
\tikz@tempbox@bg=\box76
\tikztreelevel=\count323
\tikznumberofchildren=\count324
\tikznumberofcurrentchild=\count325
\tikz@fig@count=\count326

(/usr/share/texlive/texmf-dist/tex/generic/pgf/modules/pgfmodulematrix.code.tex
File: pgfmodulematrix.code.tex 2020/12/27 v3.1.8b (3.1.8b)
\pgfmatrixcurrentrow=\count327
\pgfmatrixcurrentcolumn=\count328
\pgf@matrix@numberofcolumns=\count329
)
\tikz@expandcount=\count330

(/usr/share/texlive/texmf-dist/tex/generic/pgf/frontendlayer/tikz/libraries/tik
zlibrarytopaths.code.tex
File: tikzlibrarytopaths.code.tex 2020/12/27 v3.1.8b (3.1.8b)
)))
(/usr/share/texlive/texmf-dist/tex/latex/listings/listings.sty
\lst@mode=\count331
\lst@gtempboxa=\box77
\lst@token=\toks49
\lst@length=\count332
\lst@currlwidth=\dimen303
\lst@column=\count333
\lst@pos=\count334
\lst@lostspace=\dimen304
\lst@width=\dimen305
\lst@newlines=\count335
\lst@lineno=\count336
\lst@maxwidth=\dimen306

(/usr/share/texlive/texmf-dist/tex/latex/listings/lstmisc.sty
File: lstmisc.sty 2020/03/24 1.8d (Carsten Heinz)
\c@lstnumber=\count337
\lst@skipnumbers=\count338
\lst@framebox=\box78
)
(/usr/share/texlive/texmf-dist/tex/latex/listings/listings.cfg
File: listings.cfg 2020/03/24 1.8d listings configuration
))
Package: listings 2020/03/24 1.8d (Carsten Heinz)

(/usr/share/texlive/texmf-dist/tex/latex/caption/caption.sty
Package: caption 2020/10/26 v3.5g Customizing captions (AR)

(/usr/share/texlive/texmf-dist/tex/latex/caption/caption3.sty
Package: caption3 2020/10/21 v2.2e caption3 kernel (AR)
\captionmargin=\dimen307
\captionmargin@=\dimen308
\captionwidth=\dimen309
\caption@tempdima=\dimen310
\caption@indent=\dimen311
\caption@parindent=\dimen312
\caption@hangindent=\dimen313
Package caption Info: beamer document class detected.

(/usr/share/texlive/texmf-dist/tex/latex/caption/caption-beamer.sto
File: caption-beamer.sto 2020/08/22 v2.0 Adaption of the caption package to the
 beamer document classes (AR)
))
\c@caption@flags=\count339
\c@continuedfloat=\count340
Package caption Info: hyperref package is loaded.
Package caption Info: Hyperref support is turned off
(caption)             because hyperref has stopped early.
Package caption Info: listings package is loaded.
)
(/usr/share/texlive/texmf-dist/tex/latex/caption/subcaption.sty
Package: subcaption 2020/10/07 v1.3j Sub-captions (AR)
\c@subfigure=\count341
\c@subtable=\count342
)
(/usr/share/texlive/texmf-dist/tex/latex/doclicense/doclicense.sty
Package: doclicense 2020/09/25 v2.2.1 Support for putting documents under a lic
ense

(/usr/share/texlive/texmf-dist/tex/latex/xifthen/xifthen.sty
Package: xifthen 2015/11/05 v1.4.0 Extended ifthen features

(/usr/share/texlive/texmf-dist/tex/latex/tools/calc.sty
Package: calc 2017/05/25 v4.3 Infix arithmetic (KKT,FJ)
\calc@Acount=\count343
\calc@Bcount=\count344
\calc@Adimen=\dimen314
\calc@Bdimen=\dimen315
\calc@Askip=\skip63
\calc@Bskip=\skip64
LaTeX Info: Redefining \setlength on input line 80.
LaTeX Info: Redefining \addtolength on input line 81.
\calc@Ccount=\count345
\calc@Cskip=\skip65
)
(/usr/share/texlive/texmf-dist/tex/latex/ifmtarg/ifmtarg.sty
Package: ifmtarg 2018/04/16 v1.2b check for an empty argument
))
(/usr/share/texlive/texmf-dist/tex/generic/xstring/xstring.sty
(/usr/share/texlive/texmf-dist/tex/generic/xstring/xstring.tex
\integerpart=\count346
\decimalpart=\count347
)
Package: xstring 2019/02/06 v1.83 String manipulations (CT)
)
(/usr/share/texlive/texmf-dist/tex/latex/tools/xspace.sty
Package: xspace 2014/10/28 v1.13 Space after command names (DPC,MH)
)
(/usr/share/texlive/texmf-dist/tex/latex/tools/verbatim.sty
Package: verbatim 2020-07-07 v1.5u LaTeX2e package for verbatim enhancements
\every@verbatim=\toks50
\verbatim@line=\toks51
\verbatim@in@stream=\read3
)
(/usr/share/texlive/texmf-dist/tex/latex/hyperxmp/hyperxmp.sty
Package: hyperxmp 2020/11/22 v5.9 Store hyperref metadata in XMP format
\hyxmp@aep@toks=\toks52

(/usr/share/texlive/texmf-dist/tex/generic/stringenc/stringenc.sty
Package: stringenc 2019/11/29 v1.12 Convert strings between diff. encodings (HO
)
)
(/usr/share/texlive/texmf-dist/tex/latex/oberdiek/ifdraft.sty
Package: ifdraft 2016/05/16 v1.4 Detect class options draft and final (HO)
)
(/usr/share/texlive/texmf-dist/tex/latex/totpages/totpages.sty
Package: totpages 2005/09/19 v2.00 Totpages Package (muewi)

(/usr/share/texlive/texmf-dist/tex/latex/base/everyshi-ltx.sty
Package: everyshi-ltx 2020/08/17 v1.0a Emulation of the original everyshi packa
ge
with kernel methods
))
(/usr/share/texlive/texmf-dist/tex/generic/iftex/ifluatex.sty
Package: ifluatex 2019/10/25 v1.5 ifluatex legacy package. Use iftex instead.
))
\doclicense@hsize=\skip66

(/usr/share/texlive/texmf-dist/tex/latex/doclicense/doclicense-english.ldf
File: doclicense-english.ldf 
))
(/usr/share/texlive/texmf-dist/tex/latex/listings/lstlang1.sty
File: lstlang1.sty 2020/03/24 1.8d listings language file
)
(/usr/share/texlive/texmf-dist/tex/latex/listings/lstlang2.sty
File: lstlang2.sty 2020/03/24 1.8d listings language file
)
(/usr/share/texlive/texmf-dist/tex/latex/listings/lstlang3.sty
File: lstlang3.sty 2020/03/24 1.8d listings language file
)
(/usr/share/texlive/texmf-dist/tex/latex/listings/lstlang1.sty
File: lstlang1.sty 2020/03/24 1.8d listings language file
)
(/usr/share/texlive/texmf-dist/tex/latex/listings/lstlang2.sty
File: lstlang2.sty 2020/03/24 1.8d listings language file
)
(/usr/share/texlive/texmf-dist/tex/latex/listings/lstlang3.sty
File: lstlang3.sty 2020/03/24 1.8d listings language file
)
(/usr/share/texlive/texmf-dist/tex/latex/listings/lstlang1.sty
File: lstlang1.sty 2020/03/24 1.8d listings language file
)
(/usr/share/texlive/texmf-dist/tex/latex/listings/lstlang2.sty
File: lstlang2.sty 2020/03/24 1.8d listings language file
)
(/usr/share/texlive/texmf-dist/tex/latex/listings/lstlang3.sty
File: lstlang3.sty 2020/03/24 1.8d listings language file
)
(/usr/share/texlive/texmf-dist/tex/latex/listings/lstmisc.sty
File: lstmisc.sty 2020/03/24 1.8d (Carsten Heinz)
))
(/usr/share/texlive/texmf-dist/tex/latex/framed/framed.sty
Package: framed 2011/10/22 v 0.96: framed or shaded text with page breaks
\OuterFrameSep=\skip67
\fb@frw=\dimen316
\fb@frh=\dimen317
\FrameRule=\dimen318
\FrameSep=\dimen319
)
(/usr/share/texlive/texmf-dist/tex/latex/tools/array.sty
Package: array 2020/10/01 v2.5c Tabular extension package (FMi)
\col@sep=\dimen320
\ar@mcellbox=\box79
\extrarowheight=\dimen321
\NC@list=\toks53
\extratabsurround=\skip68
\backup@length=\skip69
\ar@cellbox=\box80
)
(/usr/share/texlive/texmf-dist/tex/latex/siunitx/siunitx.sty
(/usr/share/texlive/texmf-dist/tex/latex/l3kernel/expl3.sty
Package: expl3 2021-01-09 L3 programming layer (loader) 

(/usr/share/texlive/texmf-dist/tex/latex/l3backend/l3backend-pdftex.def
File: l3backend-pdftex.def 2020-01-29 L3 backend support: PDF output (pdfTeX)
\l__color_backend_stack_int=\count348
\l__pdf_internal_box=\box81
))
(/usr/share/texlive/texmf-dist/tex/latex/l3packages/xparse/xparse.sty
Package: xparse 2020-10-27 L3 Experimental document command parser

(/usr/share/texlive/texmf-dist/tex/latex/l3packages/xparse/xparse-generic.tex))
Package: siunitx 2020/02/25 v2.8b A comprehensive (SI) units package
(/usr/share/texlive/texmf-dist/tex/latex/l3packages/l3keys2e/l3keys2e.sty
Package: l3keys2e 2020-10-27 LaTeX2e option processing using LaTeX3 keys
)
\l__siunitx_tmp_box=\box82
\l__siunitx_tmp_dim=\dimen322
\l__siunitx_tmp_int=\count349
\l__siunitx_number_mantissa_length_int=\count350
\l__siunitx_number_uncert_length_int=\count351
\l__siunitx_round_int=\count352
\l__siunitx_process_decimal_int=\count353
\l__siunitx_process_uncertainty_int=\count354
\l__siunitx_process_fixed_int=\count355
\l__siunitx_process_integer_min_int=\count356
\l__siunitx_process_precision_int=\count357
\l__siunitx_group_min_int=\count358
\l__siunitx_angle_marker_box=\box83
\l__siunitx_angle_unit_box=\box84
\l__siunitx_angle_marker_dim=\dimen323
\l__siunitx_angle_unit_dim=\dimen324
\l__siunitx_unit_int=\count359
\l__siunitx_unit_denominator_int=\count360
\l__siunitx_unit_numerator_int=\count361
\l__siunitx_unit_prefix_int=\count362
\l__siunitx_unit_prefix_base_int=\count363
\l__siunitx_unit_prefix_gram_int=\count364
\l__siunitx_number_product_int=\count365
\c__siunitx_one_fill_skip=\skip70
\l__siunitx_table_unit_align_skip=\skip71
\l__siunitx_table_exponent_dim=\dimen325
\l__siunitx_table_integer_dim=\dimen326
\l__siunitx_table_mantissa_dim=\dimen327
\l__siunitx_table_marker_dim=\dimen328
\l__siunitx_table_result_dim=\dimen329
\l__siunitx_table_uncert_dim=\dimen330
\l__siunitx_table_fill_pre_dim=\dimen331
\l__siunitx_table_fill_post_dim=\dimen332
\l__siunitx_table_fill_mid_dim=\dimen333
\l__siunitx_table_pre_box=\box85
\l__siunitx_table_post_box=\box86
\l__siunitx_table_mantissa_box=\box87
\l__siunitx_table_result_box=\box88
\l__siunitx_table_number_align_skip=\skip72
\l__siunitx_table_text_align_skip=\skip73
)
(/usr/share/texlive/texmf-dist/tex/latex/lipsum/lipsum.sty
Package: lipsum 2019/01/02 v2.2 150 paragraphs of Lorem Ipsum dummy text

(/usr/share/texlive/texmf-dist/tex/latex/lipsum/lipsum.ltd.tex
File: lipsum.ltd.tex 2019/01/02 v2.2 The Lorem ipsum dummy text
))
(/usr/share/texlive/texmf-dist/tex/latex/inconsolata/inconsolata.sty
Package: inconsolata 2019/05/17 v1.12

`inconsolata-zi4' v1.12, 2019/05/17 Text macros for Inconsolata (msharpe)
(/usr/share/texlive/texmf-dist/tex/latex/base/textcomp.sty
Package: textcomp 2020/02/02 v2.0n Standard LaTeX package
)
(/usr/share/texlive/texmf-dist/tex/latex/xkeyval/xkeyval.sty
Package: xkeyval 2020/11/20 v2.8 package option processing (HA)

(/usr/share/texlive/texmf-dist/tex/generic/xkeyval/xkeyval.tex
(/usr/share/texlive/texmf-dist/tex/generic/xkeyval/xkvutils.tex
\XKV@toks=\toks54
\XKV@tempa@toks=\toks55
)
\XKV@depth=\count366
File: xkeyval.tex 2014/12/03 v2.7a key=value parser (HA)
))
\zifour@ocount=\count367
)
(/usr/share/texlive/texmf-dist/tex/latex/csquotes/csquotes.sty
Package: csquotes 2021-01-04 v5.2k context-sensitive quotations (JAW)
\csq@reset=\count368
\csq@gtype=\count369
\csq@glevel=\count370
\csq@qlevel=\count371
\csq@maxlvl=\count372
\csq@tshold=\count373
\csq@ltx@everypar=\toks56

(/usr/share/texlive/texmf-dist/tex/latex/csquotes/csquotes.def
File: csquotes.def 2021-01-04 v5.2k csquotes generic definitions (JAW)
)
Package csquotes Info: Trying to load configuration file 'csquotes.cfg'...
Package csquotes Info: ... configuration file loaded successfully.

(/usr/share/texlive/texmf-dist/tex/latex/csquotes/csquotes.cfg
File: csquotes.cfg 
))
(/usr/share/texlive/texmf-dist/tex/latex/ccicons/ccicons.sty
Package: ccicons 2017/10/30 v1.6 LaTeX support for Creative Commons icons
) (./ASE_2021.aux
(./sub/chap-06.aux))
\openout1 = `ASE_2021.aux'.

LaTeX Font Info:    Checking defaults for OML/cmm/m/it on input line 85.
LaTeX Font Info:    ... okay on input line 85.
LaTeX Font Info:    Checking defaults for OMS/cmsy/m/n on input line 85.
LaTeX Font Info:    ... okay on input line 85.
LaTeX Font Info:    Checking defaults for OT1/cmr/m/n on input line 85.
LaTeX Font Info:    ... okay on input line 85.
LaTeX Font Info:    Checking defaults for T1/cmr/m/n on input line 85.
LaTeX Font Info:    ... okay on input line 85.
LaTeX Font Info:    Checking defaults for TS1/cmr/m/n on input line 85.
LaTeX Font Info:    ... okay on input line 85.
LaTeX Font Info:    Checking defaults for OMX/cmex/m/n on input line 85.
LaTeX Font Info:    ... okay on input line 85.
LaTeX Font Info:    Checking defaults for U/cmr/m/n on input line 85.
LaTeX Font Info:    ... okay on input line 85.
LaTeX Font Info:    Checking defaults for PD1/pdf/m/n on input line 85.
LaTeX Font Info:    ... okay on input line 85.
LaTeX Font Info:    Checking defaults for LUC/nanummj/m/n on input line 85.
LaTeX Font Info:    Trying to load font information for LUC+nanummj on input li
ne 85.

(/usr/share/texlive/texmf-dist/tex/latex/nanumtype1/lucnanummj.fd
File: lucnanummj.fd 2013/02/12 v0.1 Nanum Myeongjo font definitions
)
LaTeX Font Info:    ... okay on input line 85.

*geometry* driver: auto-detecting
*geometry* detected driver: pdftex
*geometry* verbose mode - [ preamble ] result:
* driver: pdftex
* paper: custom
* layout: <same size as paper>
* layoutoffset:(h,v)=(0.0pt,0.0pt)
* modes: includehead includefoot 
* h-part:(L,W,R)=(59.22636pt, 381.79135pt, 14.22636pt)
* v-part:(T,H,B)=(0.0pt, 256.0748pt, 0.0pt)
* \paperwidth=455.24408pt
* \paperheight=256.0748pt
* \textwidth=381.79135pt
* \textheight=227.62207pt
* \oddsidemargin=-13.04362pt
* \evensidemargin=-13.04362pt
* \topmargin=-72.26999pt
* \headheight=14.22636pt
* \headsep=0.0pt
* \topskip=11.0pt
* \footskip=14.22636pt
* \marginparwidth=4.0pt
* \marginparsep=10.0pt
* \columnsep=10.0pt
* \skip\footins=10.0pt plus 4.0pt minus 2.0pt
* \hoffset=0.0pt
* \voffset=0.0pt
* \mag=1000
* \@twocolumnfalse
* \@twosidefalse
* \@mparswitchfalse
* \@reversemarginfalse
* (1in=72.27pt=25.4mm, 1cm=28.453pt)

(/usr/share/texlive/texmf-dist/tex/context/base/mkii/supp-pdf.mkii
[Loading MPS to PDF converter (version 2006.09.02).]
\scratchcounter=\count374
\scratchdimen=\dimen334
\scratchbox=\box89
\nofMPsegments=\count375
\nofMParguments=\count376
\everyMPshowfont=\toks57
\MPscratchCnt=\count377
\MPscratchDim=\dimen335
\MPnumerator=\count378
\makeMPintoPDFobject=\count379
\everyMPtoPDFconversion=\toks58
) (/usr/share/texlive/texmf-dist/tex/latex/epstopdf-pkg/epstopdf-base.sty
Package: epstopdf-base 2020-01-24 v2.11 Base part for package epstopdf
Package epstopdf-base Info: Redefining graphics rule for `.eps' on input line 4
85.

(/usr/share/texlive/texmf-dist/tex/latex/latexconfig/epstopdf-sys.cfg
File: epstopdf-sys.cfg 2010/07/13 v1.3 Configuration of (r)epstopdf for TeX Liv
e
))
Package hyperref Info: Link coloring OFF on input line 85.

(/usr/share/texlive/texmf-dist/tex/latex/hyperref/nameref.sty
Package: nameref 2019/09/16 v2.46 Cross-referencing by name of section

(/usr/share/texlive/texmf-dist/tex/latex/refcount/refcount.sty
Package: refcount 2019/12/15 v3.6 Data extraction from label references (HO)
)
(/usr/share/texlive/texmf-dist/tex/generic/gettitlestring/gettitlestring.sty
Package: gettitlestring 2019/12/15 v1.6 Cleanup title references (HO)
)
\c@section@level=\count380
)
LaTeX Info: Redefining \ref on input line 85.
LaTeX Info: Redefining \pageref on input line 85.
LaTeX Info: Redefining \nameref on input line 85.

(./ASE_2021.out) (./ASE_2021.out)
\@outlinefile=\write5
\openout5 = `ASE_2021.out'.


(/usr/share/texlive/texmf-dist/tex/latex/translator/translator-basic-dictionary
-English.dict
Dictionary: translator-basic-dictionary, Language: English 
)
(/usr/share/texlive/texmf-dist/tex/latex/translator/translator-bibliography-dic
tionary-English.dict
Dictionary: translator-bibliography-dictionary, Language: English 
)
(/usr/share/texlive/texmf-dist/tex/latex/translator/translator-environment-dict
ionary-English.dict
Dictionary: translator-environment-dictionary, Language: English 
)
(/usr/share/texlive/texmf-dist/tex/latex/translator/translator-months-dictionar
y-English.dict
Dictionary: translator-months-dictionary, Language: English 
)
(/usr/share/texlive/texmf-dist/tex/latex/translator/translator-numbers-dictiona
ry-English.dict
Dictionary: translator-numbers-dictionary, Language: English 
)
(/usr/share/texlive/texmf-dist/tex/latex/translator/translator-theorem-dictiona
ry-English.dict
Dictionary: translator-theorem-dictionary, Language: English 
)
\c@lstlisting=\count381
Package caption Info: Begin \AtBeginDocument code.
Package caption Info: End \AtBeginDocument code.

(/usr/share/texlive/texmf-dist/tex/latex/siunitx/siunitx-abbreviations.cfg
File: siunitx-abbreviations.cfg 2017/11/26 v2.7k siunitx: Abbreviated units
)
(/usr/share/texlive/texmf-dist/tex/latex/upquote/upquote.sty
Package: upquote 2012/04/19 v1.3 upright-quote and grave-accent glyphs in verba
tim
) (./ASE_2021.nav)
<./logo/gshs_blue.png, id=29, 728.7225pt x 728.7225pt>
File: ./logo/gshs_blue.png Graphic file (type png)
<use ./logo/gshs_blue.png>
Package pdftex.def Info: ./logo/gshs_blue.png  used on input line 85.
(pdftex.def)             Requested size: 22.76219pt x 22.7614pt.
LaTeX Font Info:    Trying to load font information for U+msa on input line 85.


(/usr/share/texlive/texmf-dist/tex/latex/amsfonts/umsa.fd
File: umsa.fd 2013/01/14 v3.01 AMS symbols A
)
LaTeX Font Info:    Trying to load font information for U+msb on input line 85.


(/usr/share/texlive/texmf-dist/tex/latex/amsfonts/umsb.fd
File: umsb.fd 2013/01/14 v3.01 AMS symbols B
)
\openout2 = `sub/chap-06-1.aux'.

 (./sub/chap-06-1.tex

pdfTeX warning: /usr/bin/pdflatex (file ./logo/gshs_logo_pdf.pdf): PDF inclusio
n: found PDF version <1.7>, but at most version <1.5> allowed
<./logo/gshs_logo_pdf.pdf, id=31, 973.08423pt x 973.08423pt>
File: ./logo/gshs_logo_pdf.pdf Graphic file (type pdf)
<use ./logo/gshs_logo_pdf.pdf>
Package pdftex.def Info: ./logo/gshs_logo_pdf.pdf  used on input line 6.
(pdftex.def)             Requested size: 113.81102pt x 113.8103pt.
LaTeX Font Info:    Trying to load font information for LUC+nanumgt on input li
ne 6.
(/usr/share/texlive/texmf-dist/tex/latex/nanumtype1/lucnanumgt.fd
File: lucnanumgt.fd 2013/02/12 v0.1 Nanum Gothic font definitions
) [1.1


{/var/lib/texmf/fonts/map/pdftex/updmap/pdftex.map} <./logo/gshs_logo_pdf.pdf>]

(./ASE_2021.toc)
File: ./logo/gshs_blue.png Graphic file (type png)
<use ./logo/gshs_blue.png>
Package pdftex.def Info: ./logo/gshs_blue.png  used on input line 9.
(pdftex.def)             Requested size: 22.76219pt x 22.7614pt.
 [2.2

 <./logo/gshs_blue.png>]
<./ref/The Atmosphere_an introduction to meteorology_Frederick K. Lutgens, Edwa
rd J. Tarbuck[13ed](2016).pdf, id=138, page=189, 681.50612pt x 797.86081pt>
File: ./ref/The Atmosphere_an introduction to meteorology_Frederick K. Lutgens,
 Edward J. Tarbuck[13ed](2016).pdf Graphic file (type pdf)
<use ./ref/The Atmosphere_an introduction to meteorology_Frederick K. Lutgens, 
Edward J. Tarbuck[13ed](2016).pdf, page 189>
Package pdftex.def Info: ./ref/The Atmosphere_an introduction to meteorology_Fr
ederick K. Lutgens, Edward J. Tarbuck[13ed](2016).pdf , page189 used on input l
ine 42.
(pdftex.def)             Requested size: 171.80493pt x 186.21844pt.

Underfull \hbox (badness 10000) in paragraph at lines 42--42

 []


Underfull \hbox (badness 2318) in paragraph at lines 42--42
[]\LUC/nanumgt/m/n/8/ac p\LUC/nanumgt/m/n/8/c5 \LUC/nanumgt/m/n/8/b2  \OT1/c
mss/m/n/8 milibar \LUC/nanumgt/m/n/8/b2 \LUC/nanumgt/m/n/8/c7 ^^D\LUC/nanumgt/
m/n/8/b9 | \LUC/nanumgt/m/n/8/c0 \LUC/nanumgt/m/n/8/c6 \LUC/nanumgt/m/n/8/d5 
\LUC/nanumgt/m/n/8/c7 <\LUC/nanumgt/m/n/8/b0  \LUC/nanumgt/m/n/8/cd \\LUC/nan
umgt/m/n/8/ad \LUC/nanumgt/m/n/8/c5 \LUC/nanumgt/m/n/8/b2 
 []


Underfull \hbox (badness 10000) in paragraph at lines 42--42

 []


Overfull \hbox (9.38193pt too wide) detected at line 42
[]
 []


Overfull \hbox (45.0pt too wide) detected at line 42
 [] 
 []


Overfull \hbox (6.52002pt too wide) in paragraph at lines 42--42
[]|  [][][]  
 []

File: ./logo/gshs_blue.png Graphic file (type png)
<use ./logo/gshs_blue.png>
Package pdftex.def Info: ./logo/gshs_blue.png  used on input line 42.
(pdftex.def)             Requested size: 22.76219pt x 22.7614pt.
[3.3

 <./ref/The Atmosphere_an introduction to meteorology_Frederick K. Lutgens, Edw
ard J. Tarbuck[13ed](2016).pdf>]
File: ./ref/The Atmosphere_an introduction to meteorology_Frederick K. Lutgens,
 Edward J. Tarbuck[13ed](2016).pdf Graphic file (type pdf)
<use ./ref/The Atmosphere_an introduction to meteorology_Frederick K. Lutgens, 
Edward J. Tarbuck[13ed](2016).pdf, page 189>
Package pdftex.def Info: ./ref/The Atmosphere_an introduction to meteorology_Fr
ederick K. Lutgens, Edward J. Tarbuck[13ed](2016).pdf , page189 used on input l
ine 42.
(pdftex.def)             Requested size: 171.80493pt x 186.21844pt.

Underfull \hbox (badness 10000) in paragraph at lines 42--42

 []


Underfull \hbox (badness 2318) in paragraph at lines 42--42
[]\LUC/nanumgt/m/n/8/ac p\LUC/nanumgt/m/n/8/c5 \LUC/nanumgt/m/n/8/b2  \OT1/c
mss/m/n/8 milibar \LUC/nanumgt/m/n/8/b2 \LUC/nanumgt/m/n/8/c7 ^^D\LUC/nanumgt/
m/n/8/b9 | \LUC/nanumgt/m/n/8/c0 \LUC/nanumgt/m/n/8/c6 \LUC/nanumgt/m/n/8/d5 
\LUC/nanumgt/m/n/8/c7 <\LUC/nanumgt/m/n/8/b0  \LUC/nanumgt/m/n/8/cd \\LUC/nan
umgt/m/n/8/ad \LUC/nanumgt/m/n/8/c5 \LUC/nanumgt/m/n/8/b2 
 []


Underfull \hbox (badness 10000) in paragraph at lines 42--42

 []


Overfull \hbox (9.38193pt too wide) detected at line 42
[]
 []


Overfull \hbox (45.0pt too wide) detected at line 42
 [] 
 []


Overfull \hbox (6.52002pt too wide) in paragraph at lines 42--42
[]|  [][][]  
 []

File: ./logo/gshs_blue.png Graphic file (type png)
<use ./logo/gshs_blue.png>
Package pdftex.def Info: ./logo/gshs_blue.png  used on input line 42.
(pdftex.def)             Requested size: 22.76219pt x 22.7614pt.
[4.4

]
<./ref/The Atmosphere_an introduction to meteorology_Frederick K. Lutgens, Edwa
rd J. Tarbuck[13ed](2016).pdf, id=288, page=190, 681.50612pt x 797.86081pt>
File: ./ref/The Atmosphere_an introduction to meteorology_Frederick K. Lutgens,
 Edward J. Tarbuck[13ed](2016).pdf Graphic file (type pdf)
<use ./ref/The Atmosphere_an introduction to meteorology_Frederick K. Lutgens, 
Edward J. Tarbuck[13ed](2016).pdf, page 190>
Package pdftex.def Info: ./ref/The Atmosphere_an introduction to meteorology_Fr
ederick K. Lutgens, Edward J. Tarbuck[13ed](2016).pdf , page190 used on input l
ine 65.
(pdftex.def)             Requested size: 154.15132pt x 182.05579pt.
File: ./ref/The Atmosphere_an introduction to meteorology_Frederick K. Lutgens,
 Edward J. Tarbuck[13ed](2016).pdf Graphic file (type pdf)
<use ./ref/The Atmosphere_an introduction to meteorology_Frederick K. Lutgens, 
Edward J. Tarbuck[13ed](2016).pdf, page 190>
Package pdftex.def Info: ./ref/The Atmosphere_an introduction to meteorology_Fr
ederick K. Lutgens, Edward J. Tarbuck[13ed](2016).pdf , page190 used on input l
ine 65.
(pdftex.def)             Requested size: 145.08311pt x 166.64679pt.

Overfull \hbox (4.9151pt too wide) in paragraph at lines 65--65
[][]  
 []


Overfull \hbox (45.0pt too wide) detected at line 65
 [] 
 []


Overfull \hbox (6.52002pt too wide) in paragraph at lines 65--65
[]|  [][][]  
 []

File: ./logo/gshs_blue.png Graphic file (type png)
<use ./logo/gshs_blue.png>
Package pdftex.def Info: ./logo/gshs_blue.png  used on input line 65.
(pdftex.def)             Requested size: 22.76219pt x 22.7614pt.
[5.5

 <./ref/The Atmosphere_an introduction to meteorology_Frederick K. Lutgens, Edw
ard J. Tarbuck[13ed](2016).pdf>]
File: ./ref/The Atmosphere_an introduction to meteorology_Frederick K. Lutgens,
 Edward J. Tarbuck[13ed](2016).pdf Graphic file (type pdf)
<use ./ref/The Atmosphere_an introduction to meteorology_Frederick K. Lutgens, 
Edward J. Tarbuck[13ed](2016).pdf, page 190>
Package pdftex.def Info: ./ref/The Atmosphere_an introduction to meteorology_Fr
ederick K. Lutgens, Edward J. Tarbuck[13ed](2016).pdf , page190 used on input l
ine 85.
(pdftex.def)             Requested size: 122.17181pt x 155.42285pt.
<./ref/The Atmosphere_an introduction to meteorology_Frederick K. Lutgens, Edwa
rd J. Tarbuck[13ed](2016).pdf, id=509, page=191, 681.50612pt x 797.86081pt>
File: ./ref/The Atmosphere_an introduction to meteorology_Frederick K. Lutgens,
 Edward J. Tarbuck[13ed](2016).pdf Graphic file (type pdf)
<use ./ref/The Atmosphere_an introduction to meteorology_Frederick K. Lutgens, 
Edward J. Tarbuck[13ed](2016).pdf, page 191>
Package pdftex.def Info: ./ref/The Atmosphere_an introduction to meteorology_Fr
ederick K. Lutgens, Edward J. Tarbuck[13ed](2016).pdf , page191 used on input l
ine 85.
(pdftex.def)             Requested size: 188.98648pt x 135.83252pt.

Overfull \hbox (4.90929pt too wide) in paragraph at lines 85--85
[][]  
 []


Overfull \hbox (45.0pt too wide) detected at line 85
 [] 
 []


Overfull \hbox (6.52002pt too wide) in paragraph at lines 85--85
[]|  [][][]  
 []

File: ./logo/gshs_blue.png Graphic file (type png)
<use ./logo/gshs_blue.png>
Package pdftex.def Info: ./logo/gshs_blue.png  used on input line 85.
(pdftex.def)             Requested size: 22.76219pt x 22.7614pt.
[6.6

 <./ref/The Atmosphere_an introduction to meteorology_Frederick K. Lutgens, Edw
ard J. Tarbuck[13ed](2016).pdf>]
File: ./ref/The Atmosphere_an introduction to meteorology_Frederick K. Lutgens,
 Edward J. Tarbuck[13ed](2016).pdf Graphic file (type pdf)
<use ./ref/The Atmosphere_an introduction to meteorology_Frederick K. Lutgens, 
Edward J. Tarbuck[13ed](2016).pdf, page 191>
Package pdftex.def Info: ./ref/The Atmosphere_an introduction to meteorology_Fr
ederick K. Lutgens, Edward J. Tarbuck[13ed](2016).pdf , page191 used on input l
ine 106.
(pdftex.def)             Requested size: 229.07713pt x 127.2079pt.

Overfull \hbox (4.91512pt too wide) in paragraph at lines 106--106
[][]  
 []


Overfull \hbox (45.0pt too wide) detected at line 106
 [] 
 []


Overfull \hbox (6.52002pt too wide) in paragraph at lines 106--106
[]|  [][][]  
 []

File: ./logo/gshs_blue.png Graphic file (type png)
<use ./logo/gshs_blue.png>
Package pdftex.def Info: ./logo/gshs_blue.png  used on input line 106.
(pdftex.def)             Requested size: 22.76219pt x 22.7614pt.
[7.7

]
<./ref/The Atmosphere_an introduction to meteorology_Frederick K. Lutgens, Edwa
rd J. Tarbuck[13ed](2016).pdf, id=673, page=192, 681.50612pt x 797.86081pt>
File: ./ref/The Atmosphere_an introduction to meteorology_Frederick K. Lutgens,
 Edward J. Tarbuck[13ed](2016).pdf Graphic file (type pdf)
<use ./ref/The Atmosphere_an introduction to meteorology_Frederick K. Lutgens, 
Edward J. Tarbuck[13ed](2016).pdf, page 192>
Package pdftex.def Info: ./ref/The Atmosphere_an introduction to meteorology_Fr
ederick K. Lutgens, Edward J. Tarbuck[13ed](2016).pdf , page192 used on input l
ine 131.
(pdftex.def)             Requested size: 248.16203pt x 177.19807pt.

Underfull \hbox (badness 10000) in paragraph at lines 131--131

 []


Underfull \hbox (badness 10000) in paragraph at lines 131--131

 []


Overfull \hbox (4.90927pt too wide) in paragraph at lines 131--131
[][]  
 []


Overfull \hbox (45.0pt too wide) detected at line 131
 [] 
 []


Overfull \hbox (6.52002pt too wide) in paragraph at lines 131--131
[]|  [][][]  
 []

File: ./logo/gshs_blue.png Graphic file (type png)
<use ./logo/gshs_blue.png>
Package pdftex.def Info: ./logo/gshs_blue.png  used on input line 131.
(pdftex.def)             Requested size: 22.76219pt x 22.7614pt.
[8.8

 <./ref/The Atmosphere_an introduction to meteorology_Frederick K. Lutgens, Edw
ard J. Tarbuck[13ed](2016).pdf>]
File: ./ref/The Atmosphere_an introduction to meteorology_Frederick K. Lutgens,
 Edward J. Tarbuck[13ed](2016).pdf Graphic file (type pdf)
<use ./ref/The Atmosphere_an introduction to meteorology_Frederick K. Lutgens, 
Edward J. Tarbuck[13ed](2016).pdf, page 192>
Package pdftex.def Info: ./ref/The Atmosphere_an introduction to meteorology_Fr
ederick K. Lutgens, Edward J. Tarbuck[13ed](2016).pdf , page192 used on input l
ine 131.
(pdftex.def)             Requested size: 248.16203pt x 177.19807pt.

Underfull \hbox (badness 10000) in paragraph at lines 131--131

 []


Underfull \hbox (badness 10000) in paragraph at lines 131--131

 []


Overfull \hbox (4.90927pt too wide) in paragraph at lines 131--131
[][]  
 []


Overfull \hbox (45.0pt too wide) detected at line 131
 [] 
 []


Overfull \hbox (6.52002pt too wide) in paragraph at lines 131--131
[]|  [][][]  
 []

File: ./logo/gshs_blue.png Graphic file (type png)
<use ./logo/gshs_blue.png>
Package pdftex.def Info: ./logo/gshs_blue.png  used on input line 131.
(pdftex.def)             Requested size: 22.76219pt x 22.7614pt.
[9.9

]
File: ./ref/The Atmosphere_an introduction to meteorology_Frederick K. Lutgens,
 Edward J. Tarbuck[13ed](2016).pdf Graphic file (type pdf)
<use ./ref/The Atmosphere_an introduction to meteorology_Frederick K. Lutgens, 
Edward J. Tarbuck[13ed](2016).pdf, page 192>
Package pdftex.def Info: ./ref/The Atmosphere_an introduction to meteorology_Fr
ederick K. Lutgens, Edward J. Tarbuck[13ed](2016).pdf , page192 used on input l
ine 161.
(pdftex.def)             Requested size: 229.07713pt x 202.43121pt.

Underfull \hbox (badness 10000) in paragraph at lines 161--161

 []


Underfull \hbox (badness 5403) in paragraph at lines 161--161
[]\LUC/nanumgt/m/n/8/ae 0\LUC/nanumgt/m/n/8/c5 U\LUC/nanumgt/m/n/8/c7 t \LUC/na
numgt/m/n/8/b1 \LUC/nanumgt/m/n/8/c7 @ \LUC/nanumgt/m/n/8/ac \LUC/nanumgt/m/n
/8/c7 @ \LUC/nanumgt/m/n/8/ae 0\LUC/nanumgt/m/n/8/c5 U\LUC/nanumgt/m/n/8/b9 \L
UC/nanumgt/m/n/8/b8 \OT1/cmss/m/n/8 (ridge),
 []


Underfull \hbox (badness 10000) in paragraph at lines 161--161

 []


Underfull \hbox (badness 10000) in paragraph at lines 161--161

 []


Overfull \hbox (4.91512pt too wide) in paragraph at lines 161--161
[][]  
 []


Overfull \hbox (45.0pt too wide) detected at line 161
 [] 
 []


Overfull \hbox (6.52002pt too wide) in paragraph at lines 161--161
[]|  [][][]  
 []

File: ./logo/gshs_blue.png Graphic file (type png)
<use ./logo/gshs_blue.png>
Package pdftex.def Info: ./logo/gshs_blue.png  used on input line 161.
(pdftex.def)             Requested size: 22.76219pt x 22.7614pt.
[10.10

]
File: ./ref/The Atmosphere_an introduction to meteorology_Frederick K. Lutgens,
 Edward J. Tarbuck[13ed](2016).pdf Graphic file (type pdf)
<use ./ref/The Atmosphere_an introduction to meteorology_Frederick K. Lutgens, 
Edward J. Tarbuck[13ed](2016).pdf, page 192>
Package pdftex.def Info: ./ref/The Atmosphere_an introduction to meteorology_Fr
ederick K. Lutgens, Edward J. Tarbuck[13ed](2016).pdf , page192 used on input l
ine 161.
(pdftex.def)             Requested size: 229.07713pt x 202.43121pt.

Underfull \hbox (badness 10000) in paragraph at lines 161--161

 []


Underfull \hbox (badness 5403) in paragraph at lines 161--161
[]\LUC/nanumgt/m/n/8/ae 0\LUC/nanumgt/m/n/8/c5 U\LUC/nanumgt/m/n/8/c7 t \LUC/na
numgt/m/n/8/b1 \LUC/nanumgt/m/n/8/c7 @ \LUC/nanumgt/m/n/8/ac \LUC/nanumgt/m/n
/8/c7 @ \LUC/nanumgt/m/n/8/ae 0\LUC/nanumgt/m/n/8/c5 U\LUC/nanumgt/m/n/8/b9 \L
UC/nanumgt/m/n/8/b8 \OT1/cmss/m/n/8 (ridge),
 []


Underfull \hbox (badness 10000) in paragraph at lines 161--161

 []


Underfull \hbox (badness 10000) in paragraph at lines 161--161

 []


Overfull \hbox (4.91512pt too wide) in paragraph at lines 161--161
[][]  
 []


Overfull \hbox (45.0pt too wide) detected at line 161
 [] 
 []


Overfull \hbox (6.52002pt too wide) in paragraph at lines 161--161
[]|  [][][]  
 []

File: ./logo/gshs_blue.png Graphic file (type png)
<use ./logo/gshs_blue.png>
Package pdftex.def Info: ./logo/gshs_blue.png  used on input line 161.
(pdftex.def)             Requested size: 22.76219pt x 22.7614pt.
[11.11

] (./ASE_2021.toc)
File: ./logo/gshs_blue.png Graphic file (type png)
<use ./logo/gshs_blue.png>
Package pdftex.def Info: ./logo/gshs_blue.png  used on input line 169.
(pdftex.def)             Requested size: 22.76219pt x 22.7614pt.
 [12.12

]
<./ref/The Atmosphere_an introduction to meteorology_Frederick K. Lutgens, Edwa
rd J. Tarbuck[13ed](2016).pdf, id=908, page=194, 681.50612pt x 797.86081pt>
File: ./ref/The Atmosphere_an introduction to meteorology_Frederick K. Lutgens,
 Edward J. Tarbuck[13ed](2016).pdf Graphic file (type pdf)
<use ./ref/The Atmosphere_an introduction to meteorology_Frederick K. Lutgens, 
Edward J. Tarbuck[13ed](2016).pdf, page 194>
Package pdftex.def Info: ./ref/The Atmosphere_an introduction to meteorology_Fr
ederick K. Lutgens, Edward J. Tarbuck[13ed](2016).pdf , page194 used on input l
ine 186.
(pdftex.def)             Requested size: 106.89948pt x 155.50607pt.

Underfull \hbox (badness 10000) in paragraph at lines 186--186

 []


Overfull \hbox (4.90929pt too wide) in paragraph at lines 186--186
[][]  
 []


Overfull \hbox (45.0pt too wide) detected at line 186
 [] 
 []


Overfull \hbox (6.52002pt too wide) in paragraph at lines 186--186
[]|  [][][]  
 []

File: ./logo/gshs_blue.png Graphic file (type png)
<use ./logo/gshs_blue.png>
Package pdftex.def Info: ./logo/gshs_blue.png  used on input line 186.
(pdftex.def)             Requested size: 22.76219pt x 22.7614pt.
[13.13

 <./ref/The Atmosphere_an introduction to meteorology_Frederick K. Lutgens, Edw
ard J. Tarbuck[13ed](2016).pdf>]
File: ./ref/The Atmosphere_an introduction to meteorology_Frederick K. Lutgens,
 Edward J. Tarbuck[13ed](2016).pdf Graphic file (type pdf)
<use ./ref/The Atmosphere_an introduction to meteorology_Frederick K. Lutgens, 
Edward J. Tarbuck[13ed](2016).pdf, page 194>
Package pdftex.def Info: ./ref/The Atmosphere_an introduction to meteorology_Fr
ederick K. Lutgens, Edward J. Tarbuck[13ed](2016).pdf , page194 used on input l
ine 206.
(pdftex.def)             Requested size: 190.89568pt x 191.52597pt.

Overfull \hbox (4.90929pt too wide) in paragraph at lines 206--206
[][]  
 []


Overfull \hbox (45.0pt too wide) detected at line 206
 [] 
 []


Overfull \hbox (6.52002pt too wide) in paragraph at lines 206--206
[]|  [][][]  
 []

File: ./logo/gshs_blue.png Graphic file (type png)
<use ./logo/gshs_blue.png>
Package pdftex.def Info: ./logo/gshs_blue.png  used on input line 206.
(pdftex.def)             Requested size: 22.76219pt x 22.7614pt.
[14.14

]
Overfull \hbox (45.0pt too wide) detected at line 228
 [] 
 []


Overfull \hbox (6.52002pt too wide) in paragraph at lines 228--228
[]|  [][][]  
 []

File: ./logo/gshs_blue.png Graphic file (type png)
<use ./logo/gshs_blue.png>
Package pdftex.def Info: ./logo/gshs_blue.png  used on input line 228.
(pdftex.def)             Requested size: 22.76219pt x 22.7614pt.
[15.15

]
Overfull \hbox (45.0pt too wide) detected at line 228
 [] 
 []


Overfull \hbox (6.52002pt too wide) in paragraph at lines 228--228
[]|  [][][]  
 []

File: ./logo/gshs_blue.png Graphic file (type png)
<use ./logo/gshs_blue.png>
Package pdftex.def Info: ./logo/gshs_blue.png  used on input line 228.
(pdftex.def)             Requested size: 22.76219pt x 22.7614pt.
[16.16

]
<./ref/The Atmosphere_an introduction to meteorology_Frederick K. Lutgens, Edwa
rd J. Tarbuck[13ed](2016).pdf, id=1468, page=195, 681.50612pt x 797.86081pt>
File: ./ref/The Atmosphere_an introduction to meteorology_Frederick K. Lutgens,
 Edward J. Tarbuck[13ed](2016).pdf Graphic file (type pdf)
<use ./ref/The Atmosphere_an introduction to meteorology_Frederick K. Lutgens, 
Edward J. Tarbuck[13ed](2016).pdf, page 195>
Package pdftex.def Info: ./ref/The Atmosphere_an introduction to meteorology_Fr
ederick K. Lutgens, Edward J. Tarbuck[13ed](2016).pdf , page195 used on input l
ine 249.
(pdftex.def)             Requested size: 122.17181pt x 181.70053pt.

Overfull \hbox (4.90929pt too wide) in paragraph at lines 249--249
[][]  
 []


Overfull \hbox (45.0pt too wide) detected at line 249
 [] 
 []


Overfull \hbox (6.52002pt too wide) in paragraph at lines 249--249
[]|  [][][]  
 []

File: ./logo/gshs_blue.png Graphic file (type png)
<use ./logo/gshs_blue.png>
Package pdftex.def Info: ./logo/gshs_blue.png  used on input line 249.
(pdftex.def)             Requested size: 22.76219pt x 22.7614pt.
[17.17

 <./ref/The Atmosphere_an introduction to meteorology_Frederick K. Lutgens, Edw
ard J. Tarbuck[13ed](2016).pdf>]
File: ./ref/The Atmosphere_an introduction to meteorology_Frederick K. Lutgens,
 Edward J. Tarbuck[13ed](2016).pdf Graphic file (type pdf)
<use ./ref/The Atmosphere_an introduction to meteorology_Frederick K. Lutgens, 
Edward J. Tarbuck[13ed](2016).pdf, page 195>
Package pdftex.def Info: ./ref/The Atmosphere_an introduction to meteorology_Fr
ederick K. Lutgens, Edward J. Tarbuck[13ed](2016).pdf , page195 used on input l
ine 249.
(pdftex.def)             Requested size: 122.17181pt x 181.70053pt.

Overfull \hbox (4.90929pt too wide) in paragraph at lines 249--249
[][]  
 []


Overfull \hbox (45.0pt too wide) detected at line 249
 [] 
 []


Overfull \hbox (6.52002pt too wide) in paragraph at lines 249--249
[]|  [][][]  
 []

File: ./logo/gshs_blue.png Graphic file (type png)
<use ./logo/gshs_blue.png>
Package pdftex.def Info: ./logo/gshs_blue.png  used on input line 249.
(pdftex.def)             Requested size: 22.76219pt x 22.7614pt.
[18.18

] (./ASE_2021.toc)
File: ./logo/gshs_blue.png Graphic file (type png)
<use ./logo/gshs_blue.png>
Package pdftex.def Info: ./logo/gshs_blue.png  used on input line 256.
(pdftex.def)             Requested size: 22.76219pt x 22.7614pt.
 [19.19

]
<./ref/The Atmosphere_an introduction to meteorology_Frederick K. Lutgens, Edwa
rd J. Tarbuck[13ed](2016).pdf, id=1742, page=197, 681.50612pt x 797.86081pt>
File: ./ref/The Atmosphere_an introduction to meteorology_Frederick K. Lutgens,
 Edward J. Tarbuck[13ed](2016).pdf Graphic file (type pdf)
<use ./ref/The Atmosphere_an introduction to meteorology_Frederick K. Lutgens, 
Edward J. Tarbuck[13ed](2016).pdf, page 197>
Package pdftex.def Info: ./ref/The Atmosphere_an introduction to meteorology_Fr
ederick K. Lutgens, Edward J. Tarbuck[13ed](2016).pdf , page197 used on input l
ine 281.
(pdftex.def)             Requested size: 109.95767pt x 83.66937pt.
File: ./ref/The Atmosphere_an introduction to meteorology_Frederick K. Lutgens,
 Edward J. Tarbuck[13ed](2016).pdf Graphic file (type pdf)
<use ./ref/The Atmosphere_an introduction to meteorology_Frederick K. Lutgens, 
Edward J. Tarbuck[13ed](2016).pdf, page 197>
Package pdftex.def Info: ./ref/The Atmosphere_an introduction to meteorology_Fr
ederick K. Lutgens, Edward J. Tarbuck[13ed](2016).pdf , page197 used on input l
ine 281.
(pdftex.def)             Requested size: 109.95767pt x 79.10306pt.
File: ./ref/The Atmosphere_an introduction to meteorology_Frederick K. Lutgens,
 Edward J. Tarbuck[13ed](2016).pdf Graphic file (type pdf)
<use ./ref/The Atmosphere_an introduction to meteorology_Frederick K. Lutgens, 
Edward J. Tarbuck[13ed](2016).pdf, page 197>
Package pdftex.def Info: ./ref/The Atmosphere_an introduction to meteorology_Fr
ederick K. Lutgens, Edward J. Tarbuck[13ed](2016).pdf , page197 used on input l
ine 281.
(pdftex.def)             Requested size: 109.95767pt x 95.08516pt.

Overfull \hbox (45.0pt too wide) detected at line 281
 [] 
 []


Overfull \hbox (6.52002pt too wide) in paragraph at lines 281--281
[]|  [][][]  
 []

File: ./logo/gshs_blue.png Graphic file (type png)
<use ./logo/gshs_blue.png>
Package pdftex.def Info: ./logo/gshs_blue.png  used on input line 281.
(pdftex.def)             Requested size: 22.76219pt x 22.7614pt.
[20.20

 <./ref/The Atmosphere_an introduction to meteorology_Frederick K. Lutgens, Edw
ard J. Tarbuck[13ed](2016).pdf>]
File: ./ref/The Atmosphere_an introduction to meteorology_Frederick K. Lutgens,
 Edward J. Tarbuck[13ed](2016).pdf Graphic file (type pdf)
<use ./ref/The Atmosphere_an introduction to meteorology_Frederick K. Lutgens, 
Edward J. Tarbuck[13ed](2016).pdf, page 197>
Package pdftex.def Info: ./ref/The Atmosphere_an introduction to meteorology_Fr
ederick K. Lutgens, Edward J. Tarbuck[13ed](2016).pdf , page197 used on input l
ine 281.
(pdftex.def)             Requested size: 109.95767pt x 83.66937pt.
File: ./ref/The Atmosphere_an introduction to meteorology_Frederick K. Lutgens,
 Edward J. Tarbuck[13ed](2016).pdf Graphic file (type pdf)
<use ./ref/The Atmosphere_an introduction to meteorology_Frederick K. Lutgens, 
Edward J. Tarbuck[13ed](2016).pdf, page 197>
Package pdftex.def Info: ./ref/The Atmosphere_an introduction to meteorology_Fr
ederick K. Lutgens, Edward J. Tarbuck[13ed](2016).pdf , page197 used on input l
ine 281.
(pdftex.def)             Requested size: 109.95767pt x 79.10306pt.
File: ./ref/The Atmosphere_an introduction to meteorology_Frederick K. Lutgens,
 Edward J. Tarbuck[13ed](2016).pdf Graphic file (type pdf)
<use ./ref/The Atmosphere_an introduction to meteorology_Frederick K. Lutgens, 
Edward J. Tarbuck[13ed](2016).pdf, page 197>
Package pdftex.def Info: ./ref/The Atmosphere_an introduction to meteorology_Fr
ederick K. Lutgens, Edward J. Tarbuck[13ed](2016).pdf , page197 used on input l
ine 281.
(pdftex.def)             Requested size: 109.95767pt x 95.08516pt.

Overfull \hbox (45.0pt too wide) detected at line 281
 [] 
 []


Overfull \hbox (6.52002pt too wide) in paragraph at lines 281--281
[]|  [][][]  
 []

File: ./logo/gshs_blue.png Graphic file (type png)
<use ./logo/gshs_blue.png>
Package pdftex.def Info: ./logo/gshs_blue.png  used on input line 281.
(pdftex.def)             Requested size: 22.76219pt x 22.7614pt.
[21.21

]
<./ref/The Atmosphere_an introduction to meteorology_Frederick K. Lutgens, Edwa
rd J. Tarbuck[13ed](2016).pdf, id=2315, page=196, 681.50612pt x 797.86081pt>
File: ./ref/The Atmosphere_an introduction to meteorology_Frederick K. Lutgens,
 Edward J. Tarbuck[13ed](2016).pdf Graphic file (type pdf)
<use ./ref/The Atmosphere_an introduction to meteorology_Frederick K. Lutgens, 
Edward J. Tarbuck[13ed](2016).pdf, page 196>
Package pdftex.def Info: ./ref/The Atmosphere_an introduction to meteorology_Fr
ederick K. Lutgens, Edward J. Tarbuck[13ed](2016).pdf , page196 used on input l
ine 303.
(pdftex.def)             Requested size: 171.80493pt x 192.44505pt.
<./images/PGF.png, id=2317, 361.35pt x 262.9825pt>
File: ./images/PGF.png Graphic file (type png)
<use ./images/PGF.png>
Package pdftex.def Info: ./images/PGF.png  used on input line 303.
(pdftex.def)             Requested size: 133.62639pt x 97.24982pt.

Overfull \hbox (4.90929pt too wide) in paragraph at lines 303--303
[][]  
 []


Overfull \hbox (45.0pt too wide) detected at line 303
 [] 
 []


Overfull \hbox (6.52002pt too wide) in paragraph at lines 303--303
[]|  [][][]  
 []

File: ./logo/gshs_blue.png Graphic file (type png)
<use ./logo/gshs_blue.png>
Package pdftex.def Info: ./logo/gshs_blue.png  used on input line 303.
(pdftex.def)             Requested size: 22.76219pt x 22.7614pt.
[22.22

 <./ref/The Atmosphere_an introduction to meteorology_Frederick K. Lutgens, Edw
ard J. Tarbuck[13ed](2016).pdf> <./images/PGF.png>]
<./images/PGF1.png, id=2455, 513.92pt x 305.14pt>
File: ./images/PGF1.png Graphic file (type png)
<use ./images/PGF1.png>
Package pdftex.def Info: ./images/PGF1.png  used on input line 329.
(pdftex.def)             Requested size: 190.89568pt x 113.347pt.

Underfull \hbox (badness 10000) in paragraph at lines 329--329

 []


Overfull \hbox (4.90929pt too wide) in paragraph at lines 329--329
[][]  
 []


Overfull \hbox (45.0pt too wide) detected at line 329
 [] 
 []


Overfull \hbox (6.52002pt too wide) in paragraph at lines 329--329
[]|  [][][]  
 []

File: ./logo/gshs_blue.png Graphic file (type png)
<use ./logo/gshs_blue.png>
Package pdftex.def Info: ./logo/gshs_blue.png  used on input line 329.
(pdftex.def)             Requested size: 22.76219pt x 22.7614pt.
[23.23

 <./images/PGF1.png>]
<./ref/The Atmosphere_an introduction to meteorology_Frederick K. Lutgens, Edwa
rd J. Tarbuck[13ed](2016).pdf, id=2490, page=198, 681.50612pt x 797.86081pt>
File: ./ref/The Atmosphere_an introduction to meteorology_Frederick K. Lutgens,
 Edward J. Tarbuck[13ed](2016).pdf Graphic file (type pdf)
<use ./ref/The Atmosphere_an introduction to meteorology_Frederick K. Lutgens, 
Edward J. Tarbuck[13ed](2016).pdf, page 198>
Package pdftex.def Info: ./ref/The Atmosphere_an introduction to meteorology_Fr
ederick K. Lutgens, Edward J. Tarbuck[13ed](2016).pdf , page198 used on input l
ine 357.
(pdftex.def)             Requested size: 292.07048pt x 176.14236pt.

Overfull \hbox (45.0pt too wide) detected at line 357
 [] 
 []


Overfull \hbox (6.52002pt too wide) in paragraph at lines 357--357
[]|  [][][]  
 []

File: ./logo/gshs_blue.png Graphic file (type png)
<use ./logo/gshs_blue.png>
Package pdftex.def Info: ./logo/gshs_blue.png  used on input line 357.
(pdftex.def)             Requested size: 22.76219pt x 22.7614pt.
[24.24

 <./ref/The Atmosphere_an introduction to meteorology_Frederick K. Lutgens, Edw
ard J. Tarbuck[13ed](2016).pdf>]
File: ./ref/The Atmosphere_an introduction to meteorology_Frederick K. Lutgens,
 Edward J. Tarbuck[13ed](2016).pdf Graphic file (type pdf)
<use ./ref/The Atmosphere_an introduction to meteorology_Frederick K. Lutgens, 
Edward J. Tarbuck[13ed](2016).pdf, page 198>
Package pdftex.def Info: ./ref/The Atmosphere_an introduction to meteorology_Fr
ederick K. Lutgens, Edward J. Tarbuck[13ed](2016).pdf , page198 used on input l
ine 379.
(pdftex.def)             Requested size: 274.88895pt x 151.01521pt.

Overfull \hbox (45.0pt too wide) detected at line 379
 [] 
 []


Overfull \hbox (6.52002pt too wide) in paragraph at lines 379--379
[]|  [][][]  
 []

File: ./logo/gshs_blue.png Graphic file (type png)
<use ./logo/gshs_blue.png>
Package pdftex.def Info: ./logo/gshs_blue.png  used on input line 379.
(pdftex.def)             Requested size: 22.76219pt x 22.7614pt.
[25.25

]
<./ref/The Atmosphere_an introduction to meteorology_Frederick K. Lutgens, Edwa
rd J. Tarbuck[13ed](2016).pdf, id=2664, page=199, 681.50612pt x 797.86081pt>
File: ./ref/The Atmosphere_an introduction to meteorology_Frederick K. Lutgens,
 Edward J. Tarbuck[13ed](2016).pdf Graphic file (type pdf)
<use ./ref/The Atmosphere_an introduction to meteorology_Frederick K. Lutgens, 
Edward J. Tarbuck[13ed](2016).pdf, page 199>
Package pdftex.def Info: ./ref/The Atmosphere_an introduction to meteorology_Fr
ederick K. Lutgens, Edward J. Tarbuck[13ed](2016).pdf , page199 used on input l
ine 404.
(pdftex.def)             Requested size: 190.89568pt x 158.6178pt.

Underfull \hbox (badness 10000) in paragraph at lines 404--404

 []


Underfull \hbox (badness 10000) in paragraph at lines 404--404

 []


Overfull \hbox (4.90929pt too wide) in paragraph at lines 404--404
[][]  
 []


Overfull \hbox (45.0pt too wide) detected at line 404
 [] 
 []


Overfull \hbox (6.52002pt too wide) in paragraph at lines 404--404
[]|  [][][]  
 []

File: ./logo/gshs_blue.png Graphic file (type png)
<use ./logo/gshs_blue.png>
Package pdftex.def Info: ./logo/gshs_blue.png  used on input line 404.
(pdftex.def)             Requested size: 22.76219pt x 22.7614pt.
[26.26

 <./ref/The Atmosphere_an introduction to meteorology_Frederick K. Lutgens, Edw
ard J. Tarbuck[13ed](2016).pdf>]
<./ref/The Atmosphere_an introduction to meteorology_Frederick K. Lutgens, Edwa
rd J. Tarbuck[13ed](2016).pdf, id=2782, page=200, 681.50612pt x 797.86081pt>
File: ./ref/The Atmosphere_an introduction to meteorology_Frederick K. Lutgens,
 Edward J. Tarbuck[13ed](2016).pdf Graphic file (type pdf)
<use ./ref/The Atmosphere_an introduction to meteorology_Frederick K. Lutgens, 
Edward J. Tarbuck[13ed](2016).pdf, page 200>
Package pdftex.def Info: ./ref/The Atmosphere_an introduction to meteorology_Fr
ederick K. Lutgens, Edward J. Tarbuck[13ed](2016).pdf , page200 used on input l
ine 421.
(pdftex.def)             Requested size: 190.89568pt x 219.27151pt.

Overfull \hbox (4.90929pt too wide) in paragraph at lines 421--421
[][]  
 []


Overfull \hbox (45.0pt too wide) detected at line 421
 [] 
 []


Overfull \hbox (6.52002pt too wide) in paragraph at lines 421--421
[]|  [][][]  
 []


Overfull \vbox (16.28395pt too high) detected at line 421
 []

File: ./logo/gshs_blue.png Graphic file (type png)
<use ./logo/gshs_blue.png>
Package pdftex.def Info: ./logo/gshs_blue.png  used on input line 421.
(pdftex.def)             Requested size: 22.76219pt x 22.7614pt.
[27.27

 <./ref/The Atmosphere_an introduction to meteorology_Frederick K. Lutgens, Edw
ard J. Tarbuck[13ed](2016).pdf>]
<./images/friction.jpg, id=2913, 513.92pt x 272.01625pt>
File: ./images/friction.jpg Graphic file (type jpg)
<use ./images/friction.jpg>
Package pdftex.def Info: ./images/friction.jpg  used on input line 442.
(pdftex.def)             Requested size: 171.80493pt x 162.06157pt.

Overfull \hbox (17.64261pt too wide) in paragraph at lines 442--442
[][]  
 []


Overfull \hbox (45.0pt too wide) detected at line 442
 [] 
 []


Overfull \hbox (6.52002pt too wide) in paragraph at lines 442--442
[]|  [][][]  
 []

File: ./logo/gshs_blue.png Graphic file (type png)
<use ./logo/gshs_blue.png>
Package pdftex.def Info: ./logo/gshs_blue.png  used on input line 442.
(pdftex.def)             Requested size: 22.76219pt x 22.7614pt.
[28.28

 <./images/friction.jpg>] (./ASE_2021.toc)
File: ./logo/gshs_blue.png Graphic file (type png)
<use ./logo/gshs_blue.png>
Package pdftex.def Info: ./logo/gshs_blue.png  used on input line 457.
(pdftex.def)             Requested size: 22.76219pt x 22.7614pt.
 [29.29

]
<./ref/The Atmosphere_an introduction to meteorology_Frederick K. Lutgens, Edwa
rd J. Tarbuck[13ed](2016).pdf, id=2980, page=201, 681.50612pt x 797.86081pt>
File: ./ref/The Atmosphere_an introduction to meteorology_Frederick K. Lutgens,
 Edward J. Tarbuck[13ed](2016).pdf Graphic file (type pdf)
<use ./ref/The Atmosphere_an introduction to meteorology_Frederick K. Lutgens, 
Edward J. Tarbuck[13ed](2016).pdf, page 201>
Package pdftex.def Info: ./ref/The Atmosphere_an introduction to meteorology_Fr
ederick K. Lutgens, Edward J. Tarbuck[13ed](2016).pdf , page201 used on input l
ine 477.
(pdftex.def)             Requested size: 274.88895pt x 177.99072pt.

Overfull \hbox (45.0pt too wide) detected at line 477
 [] 
 []


Overfull \hbox (6.52002pt too wide) in paragraph at lines 477--477
[]|  [][][]  
 []

File: ./logo/gshs_blue.png Graphic file (type png)
<use ./logo/gshs_blue.png>
Package pdftex.def Info: ./logo/gshs_blue.png  used on input line 477.
(pdftex.def)             Requested size: 22.76219pt x 22.7614pt.
[30.30

 <./ref/The Atmosphere_an introduction to meteorology_Frederick K. Lutgens, Edw
ard J. Tarbuck[13ed](2016).pdf>]
File: ./ref/The Atmosphere_an introduction to meteorology_Frederick K. Lutgens,
 Edward J. Tarbuck[13ed](2016).pdf Graphic file (type pdf)
<use ./ref/The Atmosphere_an introduction to meteorology_Frederick K. Lutgens, 
Edward J. Tarbuck[13ed](2016).pdf, page 201>
Package pdftex.def Info: ./ref/The Atmosphere_an introduction to meteorology_Fr
ederick K. Lutgens, Edward J. Tarbuck[13ed](2016).pdf , page201 used on input l
ine 513.
(pdftex.def)             Requested size: 152.7142pt x 129.04582pt.

Overfull \hbox (4.90929pt too wide) in paragraph at lines 513--513
[][]  
 []


Overfull \hbox (45.0pt too wide) detected at line 513
 [] 
 []


Overfull \hbox (6.52002pt too wide) in paragraph at lines 513--513
[]|  [][][]  
 []

File: ./logo/gshs_blue.png Graphic file (type png)
<use ./logo/gshs_blue.png>
Package pdftex.def Info: ./logo/gshs_blue.png  used on input line 513.
(pdftex.def)             Requested size: 22.76219pt x 22.7614pt.
[31.31

]
File: ./ref/The Atmosphere_an introduction to meteorology_Frederick K. Lutgens,
 Edward J. Tarbuck[13ed](2016).pdf Graphic file (type pdf)
<use ./ref/The Atmosphere_an introduction to meteorology_Frederick K. Lutgens, 
Edward J. Tarbuck[13ed](2016).pdf, page 201>
Package pdftex.def Info: ./ref/The Atmosphere_an introduction to meteorology_Fr
ederick K. Lutgens, Edward J. Tarbuck[13ed](2016).pdf , page201 used on input l
ine 550.
(pdftex.def)             Requested size: 152.7142pt x 298.55869pt.

Overfull \hbox (45.0pt too wide) detected at line 550
 [] 
 []


Overfull \hbox (6.52002pt too wide) in paragraph at lines 550--550
[]|  [][][]  
 []


Overfull \vbox (95.57112pt too high) detected at line 550
 []

File: ./logo/gshs_blue.png Graphic file (type png)
<use ./logo/gshs_blue.png>
Package pdftex.def Info: ./logo/gshs_blue.png  used on input line 550.
(pdftex.def)             Requested size: 22.76219pt x 22.7614pt.
[32.32

]
File: ./ref/The Atmosphere_an introduction to meteorology_Frederick K. Lutgens,
 Edward J. Tarbuck[13ed](2016).pdf Graphic file (type pdf)
<use ./ref/The Atmosphere_an introduction to meteorology_Frederick K. Lutgens, 
Edward J. Tarbuck[13ed](2016).pdf, page 201>
Package pdftex.def Info: ./ref/The Atmosphere_an introduction to meteorology_Fr
ederick K. Lutgens, Edward J. Tarbuck[13ed](2016).pdf , page201 used on input l
ine 550.
(pdftex.def)             Requested size: 152.7142pt x 298.55869pt.

Overfull \hbox (45.0pt too wide) detected at line 550
 [] 
 []


Overfull \hbox (6.52002pt too wide) in paragraph at lines 550--550
[]|  [][][]  
 []


Overfull \vbox (95.57112pt too high) detected at line 550
 []

File: ./logo/gshs_blue.png Graphic file (type png)
<use ./logo/gshs_blue.png>
Package pdftex.def Info: ./logo/gshs_blue.png  used on input line 550.
(pdftex.def)             Requested size: 22.76219pt x 22.7614pt.
[33.33

]
<./ref/The Atmosphere_an introduction to meteorology_Frederick K. Lutgens, Edwa
rd J. Tarbuck[13ed](2016).pdf, id=3192, page=202, 681.50612pt x 797.86081pt>
File: ./ref/The Atmosphere_an introduction to meteorology_Frederick K. Lutgens,
 Edward J. Tarbuck[13ed](2016).pdf Graphic file (type pdf)
<use ./ref/The Atmosphere_an introduction to meteorology_Frederick K. Lutgens, 
Edward J. Tarbuck[13ed](2016).pdf, page 202>
Package pdftex.def Info: ./ref/The Atmosphere_an introduction to meteorology_Fr
ederick K. Lutgens, Edward J. Tarbuck[13ed](2016).pdf , page202 used on input l
ine 581.
(pdftex.def)             Requested size: 209.9864pt x 105.16556pt.

Overfull \hbox (4.90929pt too wide) in paragraph at lines 581--581
[][]  
 []


Overfull \hbox (45.0pt too wide) detected at line 581
 [] 
 []


Overfull \hbox (6.52002pt too wide) in paragraph at lines 581--581
[]|  [][][]  
 []

File: ./logo/gshs_blue.png Graphic file (type png)
<use ./logo/gshs_blue.png>
Package pdftex.def Info: ./logo/gshs_blue.png  used on input line 581.
(pdftex.def)             Requested size: 22.76219pt x 22.7614pt.
[34.34

 <./ref/The Atmosphere_an introduction to meteorology_Frederick K. Lutgens, Edw
ard J. Tarbuck[13ed](2016).pdf>])
Runaway argument?
 & \begin {minipage}[t]{0.4\textwidth } \scriptsize \questionset {\ETC.
! File ended while scanning use of \frame.
<inserted text> 
                \par 
l.99 	\include{sub/chap-06-1}
                             
I suspect you have forgotten a `}', causing me
to read past where you wanted me to stop.
I'll try to recover; but if the error is serious,
you'd better type `E' or `X' now and fix your file.

\tf@nav=\write6
\openout6 = `ASE_2021.nav'.

\tf@toc=\write7
\openout7 = `ASE_2021.toc'.

\tf@snm=\write8
\openout8 = `ASE_2021.snm'.

(/usr/share/texlive/texmf-dist/tex/generic/stringenc/se-pdfdoc.def
File: se-pdfdoc.def 2019/11/29 v1.12 stringenc: PDFDocEncoding
)
(/usr/share/texlive/texmf-dist/tex/generic/stringenc/se-utf8.def
File: se-utf8.def 2019/11/29 v1.12 stringenc: UTF-8
)

! LaTeX Error: \begin{frame} on input line 587 ended by \end{document}.

See the LaTeX manual or LaTeX Companion for explanation.
Type  H <return>  for immediate help.
 ...                                              
                                                  
l.111 \end{document}
                    
Your command was ignored.
Type  I <command> <return>  to replace it with another command,
or  <return>  to continue without it.

(./ASE_2021.aux (./sub/chap-06-1.aux))
Package rerunfilecheck Info: File `ASE_2021.out' has not changed.
(rerunfilecheck)             Checksum: 8A36BBA6CFBEA00CB89F59494C53923B;180.
 )
(\end occurred inside a group at level 2)

### semi simple group (level 2) entered at line 587 (\begingroup)
### semi simple group (level 1) entered at line 587 (\begingroup)
### bottom level 
Here is how much of TeX's memory you used:
 29293 strings out of 479304
 591614 string characters out of 5869779
 1055103 words of memory out of 5000000
 45588 multiletter control sequences out of 15000+600000
 464611 words of font info for 244 fonts, out of 8000000 for 9000
 1141 hyphenation exceptions out of 8191
 145i,22n,146p,851b,902s stack positions out of 5000i,500n,10000p,200000b,80000s
</usr/share/texlive/texmf-dist/fonts/type1/public/amsfonts/cm/c
mbx8.pfb></usr/share/texlive/texmf-dist/fonts/type1/public/amsfonts/cmextra/cme
x8.pfb></usr/share/texlive/texmf-dist/fonts/type1/public/amsfonts/cm/cmmi6.pfb>
</usr/share/texlive/texmf-dist/fonts/type1/public/amsfonts/cm/cmmi8.pfb></usr/s
hare/texlive/texmf-dist/fonts/type1/public/amsfonts/cmextra/cmmib8.pfb></usr/sh
are/texlive/texmf-dist/fonts/type1/public/amsfonts/cm/cmr6.pfb></usr/share/texl
ive/texmf-dist/fonts/type1/public/amsfonts/cm/cmr8.pfb></usr/share/texlive/texm
f-dist/fonts/type1/public/amsfonts/cm/cmr9.pfb></usr/share/texlive/texmf-dist/f
onts/type1/public/amsfonts/cm/cmss8.pfb></usr/share/texlive/texmf-dist/fonts/ty
pe1/public/amsfonts/cm/cmss9.pfb></usr/share/texlive/texmf-dist/fonts/type1/pub
lic/amsfonts/cm/cmssbx10.pfb></usr/share/texlive/texmf-dist/fonts/type1/public/
amsfonts/cm/cmsy6.pfb></usr/share/texlive/texmf-dist/fonts/type1/public/amsfont
s/cm/cmsy8.pfb></usr/share/texlive/texmf-dist/fonts/type1/public/nanumtype1/nan
umgtbac.pfb></usr/share/texlive/texmf-dist/fonts/type1/public/nanumtype1/nanumg
tbad.pfb></usr/share/texlive/texmf-dist/fonts/type1/public/nanumtype1/nanumgtba
e.pfb></usr/share/texlive/texmf-dist/fonts/type1/public/nanumtype1/nanumgtbb1.p
fb></usr/share/texlive/texmf-dist/fonts/type1/public/nanumtype1/nanumgtbb3.pfb>
</usr/share/texlive/texmf-dist/fonts/type1/public/nanumtype1/nanumgtbb4.pfb></u
sr/share/texlive/texmf-dist/fonts/type1/public/nanumtype1/nanumgtbb5.pfb></usr/
share/texlive/texmf-dist/fonts/type1/public/nanumtype1/nanumgtbb7.pfb></usr/sha
re/texlive/texmf-dist/fonts/type1/public/nanumtype1/nanumgtbb8.pfb></usr/share/
texlive/texmf-dist/fonts/type1/public/nanumtype1/nanumgtbb9.pfb></usr/share/tex
live/texmf-dist/fonts/type1/public/nanumtype1/nanumgtbba.pfb></usr/share/texliv
e/texmf-dist/fonts/type1/public/nanumtype1/nanumgtbbc.pfb></usr/share/texlive/t
exmf-dist/fonts/type1/public/nanumtype1/nanumgtbc0.pfb></usr/share/texlive/texm
f-dist/fonts/type1/public/nanumtype1/nanumgtbc1.pfb></usr/share/texlive/texmf-d
ist/fonts/type1/public/nanumtype1/nanumgtbc2.pfb></usr/share/texlive/texmf-dist
/fonts/type1/public/nanumtype1/nanumgtbc5.pfb></usr/share/texlive/texmf-dist/fo
nts/type1/public/nanumtype1/nanumgtbc6.pfb></usr/share/texlive/texmf-dist/fonts
/type1/public/nanumtype1/nanumgtbc7.pfb></usr/share/texlive/texmf-dist/fonts/ty
pe1/public/nanumtype1/nanumgtbc8.pfb></usr/share/texlive/texmf-dist/fonts/type1
/public/nanumtype1/nanumgtbc9.pfb></usr/share/texlive/texmf-dist/fonts/type1/pu
blic/nanumtype1/nanumgtbcc.pfb></usr/share/texlive/texmf-dist/fonts/type1/publi
c/nanumtype1/nanumgtbcd.pfb></usr/share/texlive/texmf-dist/fonts/type1/public/n
anumtype1/nanumgtbce.pfb></usr/share/texlive/texmf-dist/fonts/type1/public/nanu
mtype1/nanumgtbd4.pfb></usr/share/texlive/texmf-dist/fonts/type1/public/nanumty
pe1/nanumgtbd5.pfb></usr/share/texlive/texmf-dist/fonts/type1/public/nanumtype1
/nanumgtbd6.pfb></usr/share/texlive/texmf-dist/fonts/type1/public/nanumtype1/na
numgtm21.pfb></usr/share/texlive/texmf-dist/fonts/type1/public/nanumtype1/nanum
gtmac.pfb></usr/share/texlive/texmf-dist/fonts/type1/public/nanumtype1/nanumgtm
ad.pfb></usr/share/texlive/texmf-dist/fonts/type1/public/nanumtype1/nanumgtmae.
pfb></usr/share/texlive/texmf-dist/fonts/type1/public/nanumtype1/nanumgtmaf.pfb
></usr/share/texlive/texmf-dist/fonts/type1/public/nanumtype1/nanumgtmb0.pfb></
usr/share/texlive/texmf-dist/fonts/type1/public/nanumtype1/nanumgtmb1.pfb></usr
/share/texlive/texmf-dist/fonts/type1/public/nanumtype1/nanumgtmb2.pfb></usr/sh
are/texlive/texmf-dist/fonts/type1/public/nanumtype1/nanumgtmb3.pfb></usr/share
/texlive/texmf-dist/fonts/type1/public/nanumtype1/nanumgtmb4.pfb></usr/share/te
xlive/texmf-dist/fonts/type1/public/nanumtype1/nanumgtmb5.pfb></usr/share/texli
ve/texmf-dist/fonts/type1/public/nanumtype1/nanumgtmb7.pfb></usr/share/texlive/
texmf-dist/fonts/type1/public/nanumtype1/nanumgtmb8.pfb></usr/share/texlive/tex
mf-dist/fonts/type1/public/nanumtype1/nanumgtmb9.pfb></usr/share/texlive/texmf-
dist/fonts/type1/public/nanumtype1/nanumgtmba.pfb></usr/share/texlive/texmf-dis
t/fonts/type1/public/nanumtype1/nanumgtmbb.pfb></usr/share/texlive/texmf-dist/f
onts/type1/public/nanumtype1/nanumgtmbc.pfb></usr/share/texlive/texmf-dist/font
s/type1/public/nanumtype1/nanumgtmbd.pfb></usr/share/texlive/texmf-dist/fonts/t
ype1/public/nanumtype1/nanumgtmbe.pfb></usr/share/texlive/texmf-dist/fonts/type
1/public/nanumtype1/nanumgtmc0.pfb></usr/share/texlive/texmf-dist/fonts/type1/p
ublic/nanumtype1/nanumgtmc1.pfb></usr/share/texlive/texmf-dist/fonts/type1/publ
ic/nanumtype1/nanumgtmc2.pfb></usr/share/texlive/texmf-dist/fonts/type1/public/
nanumtype1/nanumgtmc3.pfb></usr/share/texlive/texmf-dist/fonts/type1/public/nan
umtype1/nanumgtmc5.pfb></usr/share/texlive/texmf-dist/fonts/type1/public/nanumt
ype1/nanumgtmc6.pfb></usr/share/texlive/texmf-dist/fonts/type1/public/nanumtype
1/nanumgtmc7.pfb></usr/share/texlive/texmf-dist/fonts/type1/public/nanumtype1/n
anumgtmc8.pfb></usr/share/texlive/texmf-dist/fonts/type1/public/nanumtype1/nanu
mgtmc9.pfb></usr/share/texlive/texmf-dist/fonts/type1/public/nanumtype1/nanumgt
mca.pfb></usr/share/texlive/texmf-dist/fonts/type1/public/nanumtype1/nanumgtmcc
.pfb></usr/share/texlive/texmf-dist/fonts/type1/public/nanumtype1/nanumgtmcd.pf
b></usr/share/texlive/texmf-dist/fonts/type1/public/nanumtype1/nanumgtmce.pfb><
/usr/share/texlive/texmf-dist/fonts/type1/public/nanumtype1/nanumgtmcf.pfb></us
r/share/texlive/texmf-dist/fonts/type1/public/nanumtype1/nanumgtmd0.pfb></usr/s
hare/texlive/texmf-dist/fonts/type1/public/nanumtype1/nanumgtmd1.pfb></usr/shar
e/texlive/texmf-dist/fonts/type1/public/nanumtype1/nanumgtmd2.pfb></usr/share/t
exlive/texmf-dist/fonts/type1/public/nanumtype1/nanumgtmd3.pfb></usr/share/texl
ive/texmf-dist/fonts/type1/public/nanumtype1/nanumgtmd4.pfb></usr/share/texlive
/texmf-dist/fonts/type1/public/nanumtype1/nanumgtmd5.pfb></usr/share/texlive/te
xmf-dist/fonts/type1/public/nanumtype1/nanumgtmd6.pfb></usr/share/texlive/texmf
-dist/fonts/type1/public/nanumtype1/nanumgtmd7.pfb></usr/share/texlive/texmf-di
st/fonts/type1/public/nanumtype1/nanummjmae.pfb></usr/share/texlive/texmf-dist/
fonts/type1/public/nanumtype1/nanummjmc5.pfb>
Output written on ASE_2021.pdf (34 pages, 6695023 bytes).
PDF statistics:
 3635 PDF objects out of 4296 (max. 8388607)
 2920 compressed objects within 30 object streams
 73 named destinations out of 1000 (max. 500000)
 373 words of extra memory for PDF output out of 10000 (max. 10000000)

